[0.687s] DEBUG:colcon:Command line arguments: ['/usr/bin/colcon', 'build']
[0.688s] DEBUG:colcon:Parsed command line arguments: Namespace(ament_cmake_args=None, base_paths=['.'], build_base='build', catkin_cmake_args=None, catkin_skip_building_tests=False, cmake_args=None, cmake_clean_cache=False, cmake_clean_first=False, cmake_force_configure=False, cmake_target=None, cmake_target_skip_unavailable=False, continue_on_error=False, event_handlers=None, executor='parallel', ignore_user_meta=False, install_base='install', log_base=None, log_level=None, main=<bound method BuildVerb.main of <colcon_core.verb.build.BuildVerb object at 0x7fd824fc6d60>>, merge_install=False, metas=['./colcon.meta'], packages_above=None, packages_above_and_dependencies=None, packages_above_depth=None, packages_end=None, packages_ignore=None, packages_ignore_regex=None, packages_select=None, packages_select_build_failed=False, packages_select_by_dep=None, packages_select_regex=None, packages_select_test_failures=False, packages_skip=None, packages_skip_build_finished=False, packages_skip_by_dep=None, packages_skip_regex=None, packages_skip_test_passed=False, packages_skip_up_to=None, packages_start=None, packages_up_to=None, packages_up_to_regex=None, parallel_workers=4, paths=None, symlink_install=False, test_result_base=None, verb_extension=<colcon_core.verb.build.BuildVerb object at 0x7fd824fc6d60>, verb_name='build', verb_parser=<colcon_defaults.argument_parser.defaults.DefaultArgumentsDecorator object at 0x7fd824fd4310>)
[0.699s] Level 1:colcon.colcon_core.package_discovery:discover_packages(colcon_meta) check parameters
[0.699s] Level 1:colcon.colcon_core.package_discovery:discover_packages(recursive) check parameters
[0.699s] Level 1:colcon.colcon_core.package_discovery:discover_packages(ignore) check parameters
[0.699s] Level 1:colcon.colcon_core.package_discovery:discover_packages(path) check parameters
[0.699s] Level 1:colcon.colcon_core.package_discovery:discover_packages(colcon_meta) discover
[0.700s] Level 1:colcon.colcon_core.package_discovery:discover_packages(recursive) discover
[0.700s] INFO:colcon.colcon_core.package_discovery:Crawling recursively for packages in '/home/ali/Engineering/ITI/low_speed_self_driving_vehicles/project_camera_calibration/implementations/CameraCalibration1/build/ros2Ws'
[0.700s] Level 1:colcon.colcon_core.package_identification:_identify(.) by extensions ['ignore', 'ignore_ament_install']
[0.700s] Level 1:colcon.colcon_core.package_identification:_identify(.) by extension 'ignore'
[0.700s] Level 1:colcon.colcon_core.package_identification:_identify(.) by extension 'ignore_ament_install'
[0.700s] Level 1:colcon.colcon_core.package_identification:_identify(.) by extensions ['colcon_pkg']
[0.700s] Level 1:colcon.colcon_core.package_identification:_identify(.) by extension 'colcon_pkg'
[0.700s] Level 1:colcon.colcon_core.package_identification:_identify(.) by extensions ['colcon_meta']
[0.700s] Level 1:colcon.colcon_core.package_identification:_identify(.) by extension 'colcon_meta'
[0.701s] Level 1:colcon.colcon_core.package_identification:_identify(.) by extensions ['ros']
[0.701s] Level 1:colcon.colcon_core.package_identification:_identify(.) by extension 'ros'
[0.723s] Level 1:colcon.colcon_core.package_identification:_identify(.) by extensions ['cmake', 'python']
[0.723s] Level 1:colcon.colcon_core.package_identification:_identify(.) by extension 'cmake'
[0.723s] Level 1:colcon.colcon_core.package_identification:_identify(.) by extension 'python'
[0.723s] Level 1:colcon.colcon_core.package_identification:_identify(.) by extensions ['python_setup_py']
[0.723s] Level 1:colcon.colcon_core.package_identification:_identify(.) by extension 'python_setup_py'
[0.724s] Level 1:colcon.colcon_core.package_identification:_identify(build) by extensions ['ignore', 'ignore_ament_install']
[0.724s] Level 1:colcon.colcon_core.package_identification:_identify(build) by extension 'ignore'
[0.724s] Level 1:colcon.colcon_core.package_identification:_identify(build) ignored
[0.724s] Level 1:colcon.colcon_core.package_identification:_identify(install) by extensions ['ignore', 'ignore_ament_install']
[0.724s] Level 1:colcon.colcon_core.package_identification:_identify(install) by extension 'ignore'
[0.724s] Level 1:colcon.colcon_core.package_identification:_identify(install) ignored
[0.725s] Level 1:colcon.colcon_core.package_identification:_identify(log) by extensions ['ignore', 'ignore_ament_install']
[0.725s] Level 1:colcon.colcon_core.package_identification:_identify(log) by extension 'ignore'
[0.725s] Level 1:colcon.colcon_core.package_identification:_identify(log) ignored
[0.725s] Level 1:colcon.colcon_core.package_identification:_identify(src) by extensions ['ignore', 'ignore_ament_install']
[0.725s] Level 1:colcon.colcon_core.package_identification:_identify(src) by extension 'ignore'
[0.726s] Level 1:colcon.colcon_core.package_identification:_identify(src) by extension 'ignore_ament_install'
[0.726s] Level 1:colcon.colcon_core.package_identification:_identify(src) by extensions ['colcon_pkg']
[0.726s] Level 1:colcon.colcon_core.package_identification:_identify(src) by extension 'colcon_pkg'
[0.726s] Level 1:colcon.colcon_core.package_identification:_identify(src) by extensions ['colcon_meta']
[0.726s] Level 1:colcon.colcon_core.package_identification:_identify(src) by extension 'colcon_meta'
[0.726s] Level 1:colcon.colcon_core.package_identification:_identify(src) by extensions ['ros']
[0.726s] Level 1:colcon.colcon_core.package_identification:_identify(src) by extension 'ros'
[0.726s] Level 1:colcon.colcon_core.package_identification:_identify(src) by extensions ['cmake', 'python']
[0.726s] Level 1:colcon.colcon_core.package_identification:_identify(src) by extension 'cmake'
[0.726s] Level 1:colcon.colcon_core.package_identification:_identify(src) by extension 'python'
[0.726s] Level 1:colcon.colcon_core.package_identification:_identify(src) by extensions ['python_setup_py']
[0.727s] Level 1:colcon.colcon_core.package_identification:_identify(src) by extension 'python_setup_py'
[0.727s] Level 1:colcon.colcon_core.package_identification:_identify(src/elp_pkg) by extensions ['ignore', 'ignore_ament_install']
[0.727s] Level 1:colcon.colcon_core.package_identification:_identify(src/elp_pkg) by extension 'ignore'
[0.727s] Level 1:colcon.colcon_core.package_identification:_identify(src/elp_pkg) by extension 'ignore_ament_install'
[0.727s] Level 1:colcon.colcon_core.package_identification:_identify(src/elp_pkg) by extensions ['colcon_pkg']
[0.727s] Level 1:colcon.colcon_core.package_identification:_identify(src/elp_pkg) by extension 'colcon_pkg'
[0.727s] Level 1:colcon.colcon_core.package_identification:_identify(src/elp_pkg) by extensions ['colcon_meta']
[0.727s] Level 1:colcon.colcon_core.package_identification:_identify(src/elp_pkg) by extension 'colcon_meta'
[0.727s] Level 1:colcon.colcon_core.package_identification:_identify(src/elp_pkg) by extensions ['ros']
[0.727s] Level 1:colcon.colcon_core.package_identification:_identify(src/elp_pkg) by extension 'ros'
[0.732s] DEBUG:colcon.colcon_core.package_identification:Package 'src/elp_pkg' with type 'ros.ament_cmake' and name 'elp_pkg'
[0.732s] Level 1:colcon.colcon_core.package_discovery:discover_packages(recursive) using defaults
[0.732s] Level 1:colcon.colcon_core.package_discovery:discover_packages(ignore) discover
[0.732s] Level 1:colcon.colcon_core.package_discovery:discover_packages(ignore) using defaults
[0.733s] Level 1:colcon.colcon_core.package_discovery:discover_packages(path) discover
[0.733s] Level 1:colcon.colcon_core.package_discovery:discover_packages(path) using defaults
[0.776s] Level 5:colcon.colcon_core.verb:set package 'elp_pkg' build argument 'cmake_args' from command line to 'None'
[0.776s] Level 5:colcon.colcon_core.verb:set package 'elp_pkg' build argument 'cmake_target' from command line to 'None'
[0.776s] Level 5:colcon.colcon_core.verb:set package 'elp_pkg' build argument 'cmake_target_skip_unavailable' from command line to 'False'
[0.776s] Level 5:colcon.colcon_core.verb:set package 'elp_pkg' build argument 'cmake_clean_cache' from command line to 'False'
[0.776s] Level 5:colcon.colcon_core.verb:set package 'elp_pkg' build argument 'cmake_clean_first' from command line to 'False'
[0.777s] Level 5:colcon.colcon_core.verb:set package 'elp_pkg' build argument 'cmake_force_configure' from command line to 'False'
[0.777s] Level 5:colcon.colcon_core.verb:set package 'elp_pkg' build argument 'ament_cmake_args' from command line to 'None'
[0.777s] Level 5:colcon.colcon_core.verb:set package 'elp_pkg' build argument 'catkin_cmake_args' from command line to 'None'
[0.777s] Level 5:colcon.colcon_core.verb:set package 'elp_pkg' build argument 'catkin_skip_building_tests' from command line to 'False'
[0.777s] DEBUG:colcon.colcon_core.verb:Building package 'elp_pkg' with the following arguments: {'ament_cmake_args': None, 'build_base': '/home/ali/Engineering/ITI/low_speed_self_driving_vehicles/project_camera_calibration/implementations/CameraCalibration1/build/ros2Ws/build/elp_pkg', 'catkin_cmake_args': None, 'catkin_skip_building_tests': False, 'cmake_args': None, 'cmake_clean_cache': False, 'cmake_clean_first': False, 'cmake_force_configure': False, 'cmake_target': None, 'cmake_target_skip_unavailable': False, 'install_base': '/home/ali/Engineering/ITI/low_speed_self_driving_vehicles/project_camera_calibration/implementations/CameraCalibration1/build/ros2Ws/install/elp_pkg', 'merge_install': False, 'path': '/home/ali/Engineering/ITI/low_speed_self_driving_vehicles/project_camera_calibration/implementations/CameraCalibration1/build/ros2Ws/src/elp_pkg', 'symlink_install': False, 'test_result_base': None}
[0.778s] INFO:colcon.colcon_core.executor:Executing jobs using 'parallel' executor
[0.781s] DEBUG:colcon.colcon_parallel_executor.executor.parallel:run_until_complete
[0.782s] INFO:colcon.colcon_ros.task.ament_cmake.build:Building ROS package in '/home/ali/Engineering/ITI/low_speed_self_driving_vehicles/project_camera_calibration/implementations/CameraCalibration1/build/ros2Ws/src/elp_pkg' with build type 'ament_cmake'
[0.782s] INFO:colcon.colcon_cmake.task.cmake.build:Building CMake package in '/home/ali/Engineering/ITI/low_speed_self_driving_vehicles/project_camera_calibration/implementations/CameraCalibration1/build/ros2Ws/src/elp_pkg'
[0.788s] INFO:colcon.colcon_core.plugin_system:Skipping extension 'colcon_core.shell.bat': Not used on non-Windows systems
[0.788s] INFO:colcon.colcon_core.shell:Skip shell extension 'powershell' for command environment: Not usable outside of PowerShell
[0.789s] DEBUG:colcon.colcon_core.shell:Skip shell extension 'dsv' for command environment
[0.801s] DEBUG:colcon.colcon_core.shell:Ignoring prefix path '/opt/ros/foxy'
[0.817s] DEBUG:colcon.colcon_core.event_handler.log_command:Invoking command in '/home/ali/Engineering/ITI/low_speed_self_driving_vehicles/project_camera_calibration/implementations/CameraCalibration1/build/ros2Ws/build/elp_pkg': CMAKE_PREFIX_PATH=${CMAKE_PREFIX_PATH}:/home/ali/Engineering/ITI/low_speed_self_driving_vehicles/project_camera_calibration/implementations/CameraCalibration1/build/ros2Ws/install/elp_read:/home/ali/Engineering/ITI/low_speed_self_driving_vehicles/ROS_lectures/GWS/install/tekomoro_tf:/home/ali/Engineering/ITI/low_speed_self_driving_vehicles/ROS_lectures/GWS/install/python_qos_demo:/home/ali/Engineering/ITI/low_speed_self_driving_vehicles/ROS_lectures/GWS/install/pkg_name:/home/ali/Engineering/ITI/low_speed_self_driving_vehicles/ROS_lectures/GWS/install/localization_lab2:/home/ali/Engineering/ITI/low_speed_self_driving_vehicles/ROS_lectures/GWS/install/localization_lab1:/home/ali/Engineering/ITI/low_speed_self_driving_vehicles/ROS_lectures/GWS/install/iti_lab_9:/home/ali/Engineering/ITI/low_speed_self_driving_vehicles/ROS_lectures/GWS/install/iti_lab_8:/home/ali/Engineering/ITI/low_speed_self_driving_vehicles/ROS_lectures/GWS/install/iti_lab7:/home/ali/Engineering/ITI/low_speed_self_driving_vehicles/ROS_lectures/GWS/install/iti_lab4:/home/ali/Engineering/ITI/low_speed_self_driving_vehicles/ROS_lectures/GWS/install/iti_lab3:/home/ali/Engineering/ITI/low_speed_self_driving_vehicles/ROS_lectures/GWS/install/iti_lab2:/home/ali/Engineering/ITI/low_speed_self_driving_vehicles/ROS_lectures/GWS/install/iti_lab1:/home/ali/Engineering/ITI/low_speed_self_driving_vehicles/ROS_lectures/GWS/install/control_lab1:/home/ali/Engineering/ITI/low_speed_self_driving_vehicles/ROS_lectures/nav2_depend_ws/install/nav2_gazebo_spawner:/home/ali/Engineering/ITI/low_speed_self_driving_vehicles/ROS_lectures/projectWs/install/ros2_project:/opt/ros/foxy /usr/bin/cmake --build /home/ali/Engineering/ITI/low_speed_self_driving_vehicles/project_camera_calibration/implementations/CameraCalibration1/build/ros2Ws/build/elp_pkg -- -j4 -l4
[7.866s] DEBUG:colcon.colcon_core.event_handler.log_command:Invoked command in '/home/ali/Engineering/ITI/low_speed_self_driving_vehicles/project_camera_calibration/implementations/CameraCalibration1/build/ros2Ws/build/elp_pkg' returned '0': CMAKE_PREFIX_PATH=${CMAKE_PREFIX_PATH}:/home/ali/Engineering/ITI/low_speed_self_driving_vehicles/project_camera_calibration/implementations/CameraCalibration1/build/ros2Ws/install/elp_read:/home/ali/Engineering/ITI/low_speed_self_driving_vehicles/ROS_lectures/GWS/install/tekomoro_tf:/home/ali/Engineering/ITI/low_speed_self_driving_vehicles/ROS_lectures/GWS/install/python_qos_demo:/home/ali/Engineering/ITI/low_speed_self_driving_vehicles/ROS_lectures/GWS/install/pkg_name:/home/ali/Engineering/ITI/low_speed_self_driving_vehicles/ROS_lectures/GWS/install/localization_lab2:/home/ali/Engineering/ITI/low_speed_self_driving_vehicles/ROS_lectures/GWS/install/localization_lab1:/home/ali/Engineering/ITI/low_speed_self_driving_vehicles/ROS_lectures/GWS/install/iti_lab_9:/home/ali/Engineering/ITI/low_speed_self_driving_vehicles/ROS_lectures/GWS/install/iti_lab_8:/home/ali/Engineering/ITI/low_speed_self_driving_vehicles/ROS_lectures/GWS/install/iti_lab7:/home/ali/Engineering/ITI/low_speed_self_driving_vehicles/ROS_lectures/GWS/install/iti_lab4:/home/ali/Engineering/ITI/low_speed_self_driving_vehicles/ROS_lectures/GWS/install/iti_lab3:/home/ali/Engineering/ITI/low_speed_self_driving_vehicles/ROS_lectures/GWS/install/iti_lab2:/home/ali/Engineering/ITI/low_speed_self_driving_vehicles/ROS_lectures/GWS/install/iti_lab1:/home/ali/Engineering/ITI/low_speed_self_driving_vehicles/ROS_lectures/GWS/install/control_lab1:/home/ali/Engineering/ITI/low_speed_self_driving_vehicles/ROS_lectures/nav2_depend_ws/install/nav2_gazebo_spawner:/home/ali/Engineering/ITI/low_speed_self_driving_vehicles/ROS_lectures/projectWs/install/ros2_project:/opt/ros/foxy /usr/bin/cmake --build /home/ali/Engineering/ITI/low_speed_self_driving_vehicles/project_camera_calibration/implementations/CameraCalibration1/build/ros2Ws/build/elp_pkg -- -j4 -l4
[7.952s] DEBUG:colcon.colcon_core.event_handler.log_command:Invoking command in '/home/ali/Engineering/ITI/low_speed_self_driving_vehicles/project_camera_calibration/implementations/CameraCalibration1/build/ros2Ws/build/elp_pkg': CMAKE_PREFIX_PATH=${CMAKE_PREFIX_PATH}:/home/ali/Engineering/ITI/low_speed_self_driving_vehicles/project_camera_calibration/implementations/CameraCalibration1/build/ros2Ws/install/elp_read:/home/ali/Engineering/ITI/low_speed_self_driving_vehicles/ROS_lectures/GWS/install/tekomoro_tf:/home/ali/Engineering/ITI/low_speed_self_driving_vehicles/ROS_lectures/GWS/install/python_qos_demo:/home/ali/Engineering/ITI/low_speed_self_driving_vehicles/ROS_lectures/GWS/install/pkg_name:/home/ali/Engineering/ITI/low_speed_self_driving_vehicles/ROS_lectures/GWS/install/localization_lab2:/home/ali/Engineering/ITI/low_speed_self_driving_vehicles/ROS_lectures/GWS/install/localization_lab1:/home/ali/Engineering/ITI/low_speed_self_driving_vehicles/ROS_lectures/GWS/install/iti_lab_9:/home/ali/Engineering/ITI/low_speed_self_driving_vehicles/ROS_lectures/GWS/install/iti_lab_8:/home/ali/Engineering/ITI/low_speed_self_driving_vehicles/ROS_lectures/GWS/install/iti_lab7:/home/ali/Engineering/ITI/low_speed_self_driving_vehicles/ROS_lectures/GWS/install/iti_lab4:/home/ali/Engineering/ITI/low_speed_self_driving_vehicles/ROS_lectures/GWS/install/iti_lab3:/home/ali/Engineering/ITI/low_speed_self_driving_vehicles/ROS_lectures/GWS/install/iti_lab2:/home/ali/Engineering/ITI/low_speed_self_driving_vehicles/ROS_lectures/GWS/install/iti_lab1:/home/ali/Engineering/ITI/low_speed_self_driving_vehicles/ROS_lectures/GWS/install/control_lab1:/home/ali/Engineering/ITI/low_speed_self_driving_vehicles/ROS_lectures/nav2_depend_ws/install/nav2_gazebo_spawner:/home/ali/Engineering/ITI/low_speed_self_driving_vehicles/ROS_lectures/projectWs/install/ros2_project:/opt/ros/foxy /usr/bin/cmake --install /home/ali/Engineering/ITI/low_speed_self_driving_vehicles/project_camera_calibration/implementations/CameraCalibration1/build/ros2Ws/build/elp_pkg
[7.975s] Level 1:colcon.colcon_core.environment:create_environment_scripts_only(elp_pkg)
[7.978s] DEBUG:colcon.colcon_core.event_handler.log_command:Invoked command in '/home/ali/Engineering/ITI/low_speed_self_driving_vehicles/project_camera_calibration/implementations/CameraCalibration1/build/ros2Ws/build/elp_pkg' returned '0': CMAKE_PREFIX_PATH=${CMAKE_PREFIX_PATH}:/home/ali/Engineering/ITI/low_speed_self_driving_vehicles/project_camera_calibration/implementations/CameraCalibration1/build/ros2Ws/install/elp_read:/home/ali/Engineering/ITI/low_speed_self_driving_vehicles/ROS_lectures/GWS/install/tekomoro_tf:/home/ali/Engineering/ITI/low_speed_self_driving_vehicles/ROS_lectures/GWS/install/python_qos_demo:/home/ali/Engineering/ITI/low_speed_self_driving_vehicles/ROS_lectures/GWS/install/pkg_name:/home/ali/Engineering/ITI/low_speed_self_driving_vehicles/ROS_lectures/GWS/install/localization_lab2:/home/ali/Engineering/ITI/low_speed_self_driving_vehicles/ROS_lectures/GWS/install/localization_lab1:/home/ali/Engineering/ITI/low_speed_self_driving_vehicles/ROS_lectures/GWS/install/iti_lab_9:/home/ali/Engineering/ITI/low_speed_self_driving_vehicles/ROS_lectures/GWS/install/iti_lab_8:/home/ali/Engineering/ITI/low_speed_self_driving_vehicles/ROS_lectures/GWS/install/iti_lab7:/home/ali/Engineering/ITI/low_speed_self_driving_vehicles/ROS_lectures/GWS/install/iti_lab4:/home/ali/Engineering/ITI/low_speed_self_driving_vehicles/ROS_lectures/GWS/install/iti_lab3:/home/ali/Engineering/ITI/low_speed_self_driving_vehicles/ROS_lectures/GWS/install/iti_lab2:/home/ali/Engineering/ITI/low_speed_self_driving_vehicles/ROS_lectures/GWS/install/iti_lab1:/home/ali/Engineering/ITI/low_speed_self_driving_vehicles/ROS_lectures/GWS/install/control_lab1:/home/ali/Engineering/ITI/low_speed_self_driving_vehicles/ROS_lectures/nav2_depend_ws/install/nav2_gazebo_spawner:/home/ali/Engineering/ITI/low_speed_self_driving_vehicles/ROS_lectures/projectWs/install/ros2_project:/opt/ros/foxy /usr/bin/cmake --install /home/ali/Engineering/ITI/low_speed_self_driving_vehicles/project_camera_calibration/implementations/CameraCalibration1/build/ros2Ws/build/elp_pkg
[7.984s] Level 1:colcon.colcon_core.environment:checking '/home/ali/Engineering/ITI/low_speed_self_driving_vehicles/project_camera_calibration/implementations/CameraCalibration1/build/ros2Ws/install/elp_pkg' for CMake module files
[7.986s] Level 1:colcon.colcon_core.environment:checking '/home/ali/Engineering/ITI/low_speed_self_driving_vehicles/project_camera_calibration/implementations/CameraCalibration1/build/ros2Ws/install/elp_pkg' for CMake config files
[7.987s] Level 1:colcon.colcon_core.shell:create_environment_hook('elp_pkg', 'cmake_prefix_path')
[7.988s] INFO:colcon.colcon_core.shell:Creating environment hook '/home/ali/Engineering/ITI/low_speed_self_driving_vehicles/project_camera_calibration/implementations/CameraCalibration1/build/ros2Ws/install/elp_pkg/share/elp_pkg/hook/cmake_prefix_path.ps1'
[7.989s] INFO:colcon.colcon_core.shell:Creating environment descriptor '/home/ali/Engineering/ITI/low_speed_self_driving_vehicles/project_camera_calibration/implementations/CameraCalibration1/build/ros2Ws/install/elp_pkg/share/elp_pkg/hook/cmake_prefix_path.dsv'
[7.990s] INFO:colcon.colcon_core.shell:Creating environment hook '/home/ali/Engineering/ITI/low_speed_self_driving_vehicles/project_camera_calibration/implementations/CameraCalibration1/build/ros2Ws/install/elp_pkg/share/elp_pkg/hook/cmake_prefix_path.sh'
[7.992s] Level 1:colcon.colcon_core.environment:checking '/home/ali/Engineering/ITI/low_speed_self_driving_vehicles/project_camera_calibration/implementations/CameraCalibration1/build/ros2Ws/install/elp_pkg/lib'
[7.992s] Level 1:colcon.colcon_core.environment:checking '/home/ali/Engineering/ITI/low_speed_self_driving_vehicles/project_camera_calibration/implementations/CameraCalibration1/build/ros2Ws/install/elp_pkg/bin'
[7.992s] Level 1:colcon.colcon_core.environment:checking '/home/ali/Engineering/ITI/low_speed_self_driving_vehicles/project_camera_calibration/implementations/CameraCalibration1/build/ros2Ws/install/elp_pkg/lib/pkgconfig/elp_pkg.pc'
[7.992s] Level 1:colcon.colcon_core.environment:checking '/home/ali/Engineering/ITI/low_speed_self_driving_vehicles/project_camera_calibration/implementations/CameraCalibration1/build/ros2Ws/install/elp_pkg/lib/python3.8/site-packages'
[7.994s] INFO:colcon.colcon_core.shell:Creating package script '/home/ali/Engineering/ITI/low_speed_self_driving_vehicles/project_camera_calibration/implementations/CameraCalibration1/build/ros2Ws/install/elp_pkg/share/elp_pkg/package.ps1'
[7.995s] INFO:colcon.colcon_core.shell:Creating package descriptor '/home/ali/Engineering/ITI/low_speed_self_driving_vehicles/project_camera_calibration/implementations/CameraCalibration1/build/ros2Ws/install/elp_pkg/share/elp_pkg/package.dsv'
[7.996s] INFO:colcon.colcon_core.shell:Creating package script '/home/ali/Engineering/ITI/low_speed_self_driving_vehicles/project_camera_calibration/implementations/CameraCalibration1/build/ros2Ws/install/elp_pkg/share/elp_pkg/package.sh'
[7.997s] INFO:colcon.colcon_core.shell:Creating package script '/home/ali/Engineering/ITI/low_speed_self_driving_vehicles/project_camera_calibration/implementations/CameraCalibration1/build/ros2Ws/install/elp_pkg/share/elp_pkg/package.bash'
[7.999s] INFO:colcon.colcon_core.shell:Creating package script '/home/ali/Engineering/ITI/low_speed_self_driving_vehicles/project_camera_calibration/implementations/CameraCalibration1/build/ros2Ws/install/elp_pkg/share/elp_pkg/package.zsh'
[8.000s] Level 1:colcon.colcon_core.environment:create_file_with_runtime_dependencies(/home/ali/Engineering/ITI/low_speed_self_driving_vehicles/project_camera_calibration/implementations/CameraCalibration1/build/ros2Ws/install/elp_pkg/share/colcon-core/packages/elp_pkg)
[8.059s] Level 1:colcon.colcon_core.environment:create_environment_scripts_only(elp_pkg)
[8.061s] Level 1:colcon.colcon_core.environment:checking '/home/ali/Engineering/ITI/low_speed_self_driving_vehicles/project_camera_calibration/implementations/CameraCalibration1/build/ros2Ws/install/elp_pkg' for CMake module files
[8.062s] Level 1:colcon.colcon_core.environment:checking '/home/ali/Engineering/ITI/low_speed_self_driving_vehicles/project_camera_calibration/implementations/CameraCalibration1/build/ros2Ws/install/elp_pkg' for CMake config files
[8.063s] Level 1:colcon.colcon_core.shell:create_environment_hook('elp_pkg', 'cmake_prefix_path')
[8.064s] INFO:colcon.colcon_core.shell:Creating environment hook '/home/ali/Engineering/ITI/low_speed_self_driving_vehicles/project_camera_calibration/implementations/CameraCalibration1/build/ros2Ws/install/elp_pkg/share/elp_pkg/hook/cmake_prefix_path.ps1'
[8.065s] INFO:colcon.colcon_core.shell:Creating environment descriptor '/home/ali/Engineering/ITI/low_speed_self_driving_vehicles/project_camera_calibration/implementations/CameraCalibration1/build/ros2Ws/install/elp_pkg/share/elp_pkg/hook/cmake_prefix_path.dsv'
[8.065s] INFO:colcon.colcon_core.shell:Creating environment hook '/home/ali/Engineering/ITI/low_speed_self_driving_vehicles/project_camera_calibration/implementations/CameraCalibration1/build/ros2Ws/install/elp_pkg/share/elp_pkg/hook/cmake_prefix_path.sh'
[8.066s] Level 1:colcon.colcon_core.environment:checking '/home/ali/Engineering/ITI/low_speed_self_driving_vehicles/project_camera_calibration/implementations/CameraCalibration1/build/ros2Ws/install/elp_pkg/lib'
[8.066s] Level 1:colcon.colcon_core.environment:checking '/home/ali/Engineering/ITI/low_speed_self_driving_vehicles/project_camera_calibration/implementations/CameraCalibration1/build/ros2Ws/install/elp_pkg/bin'
[8.066s] Level 1:colcon.colcon_core.environment:checking '/home/ali/Engineering/ITI/low_speed_self_driving_vehicles/project_camera_calibration/implementations/CameraCalibration1/build/ros2Ws/install/elp_pkg/lib/pkgconfig/elp_pkg.pc'
[8.067s] Level 1:colcon.colcon_core.environment:checking '/home/ali/Engineering/ITI/low_speed_self_driving_vehicles/project_camera_calibration/implementations/CameraCalibration1/build/ros2Ws/install/elp_pkg/lib/python3.8/site-packages'
[8.068s] INFO:colcon.colcon_core.shell:Creating package script '/home/ali/Engineering/ITI/low_speed_self_driving_vehicles/project_camera_calibration/implementations/CameraCalibration1/build/ros2Ws/install/elp_pkg/share/elp_pkg/package.ps1'
[8.069s] INFO:colcon.colcon_core.shell:Creating package descriptor '/home/ali/Engineering/ITI/low_speed_self_driving_vehicles/project_camera_calibration/implementations/CameraCalibration1/build/ros2Ws/install/elp_pkg/share/elp_pkg/package.dsv'
[8.069s] INFO:colcon.colcon_core.shell:Creating package script '/home/ali/Engineering/ITI/low_speed_self_driving_vehicles/project_camera_calibration/implementations/CameraCalibration1/build/ros2Ws/install/elp_pkg/share/elp_pkg/package.sh'
[8.071s] INFO:colcon.colcon_core.shell:Creating package script '/home/ali/Engineering/ITI/low_speed_self_driving_vehicles/project_camera_calibration/implementations/CameraCalibration1/build/ros2Ws/install/elp_pkg/share/elp_pkg/package.bash'
[8.071s] INFO:colcon.colcon_core.shell:Creating package script '/home/ali/Engineering/ITI/low_speed_self_driving_vehicles/project_camera_calibration/implementations/CameraCalibration1/build/ros2Ws/install/elp_pkg/share/elp_pkg/package.zsh'
[8.072s] Level 1:colcon.colcon_core.environment:create_file_with_runtime_dependencies(/home/ali/Engineering/ITI/low_speed_self_driving_vehicles/project_camera_calibration/implementations/CameraCalibration1/build/ros2Ws/install/elp_pkg/share/colcon-core/packages/elp_pkg)
[8.072s] DEBUG:colcon.colcon_parallel_executor.executor.parallel:closing loop
[8.073s] DEBUG:colcon.colcon_parallel_executor.executor.parallel:loop closed
[8.073s] DEBUG:colcon.colcon_parallel_executor.executor.parallel:run_until_complete finished with '0'
[8.074s] DEBUG:colcon.colcon_core.event_reactor:joining thread
[8.084s] INFO:colcon.colcon_core.plugin_system:Skipping extension 'colcon_notification.desktop_notification.terminal_notifier': Not used on non-Darwin systems
[8.085s] INFO:colcon.colcon_core.plugin_system:Skipping extension 'colcon_notification.desktop_notification.win32': Not used on non-Windows systems
[8.085s] INFO:colcon.colcon_notification.desktop_notification:Sending desktop notification using 'notify2'
[8.109s] DEBUG:colcon.colcon_core.event_reactor:joined thread
[8.110s] INFO:colcon.colcon_core.shell:Creating prefix script '/home/ali/Engineering/ITI/low_speed_self_driving_vehicles/project_camera_calibration/implementations/CameraCalibration1/build/ros2Ws/install/local_setup.ps1'
[8.112s] INFO:colcon.colcon_core.shell:Creating prefix util module '/home/ali/Engineering/ITI/low_speed_self_driving_vehicles/project_camera_calibration/implementations/CameraCalibration1/build/ros2Ws/install/_local_setup_util_ps1.py'
[8.113s] INFO:colcon.colcon_core.shell:Creating prefix chain script '/home/ali/Engineering/ITI/low_speed_self_driving_vehicles/project_camera_calibration/implementations/CameraCalibration1/build/ros2Ws/install/setup.ps1'
[8.121s] INFO:colcon.colcon_core.shell:Creating prefix script '/home/ali/Engineering/ITI/low_speed_self_driving_vehicles/project_camera_calibration/implementations/CameraCalibration1/build/ros2Ws/install/local_setup.sh'
[8.121s] INFO:colcon.colcon_core.shell:Creating prefix util module '/home/ali/Engineering/ITI/low_speed_self_driving_vehicles/project_camera_calibration/implementations/CameraCalibration1/build/ros2Ws/install/_local_setup_util_sh.py'
[8.122s] INFO:colcon.colcon_core.shell:Creating prefix chain script '/home/ali/Engineering/ITI/low_speed_self_driving_vehicles/project_camera_calibration/implementations/CameraCalibration1/build/ros2Ws/install/setup.sh'
[8.130s] INFO:colcon.colcon_core.shell:Creating prefix script '/home/ali/Engineering/ITI/low_speed_self_driving_vehicles/project_camera_calibration/implementations/CameraCalibration1/build/ros2Ws/install/local_setup.bash'
[8.131s] INFO:colcon.colcon_core.shell:Creating prefix chain script '/home/ali/Engineering/ITI/low_speed_self_driving_vehicles/project_camera_calibration/implementations/CameraCalibration1/build/ros2Ws/install/setup.bash'
[8.141s] INFO:colcon.colcon_core.shell:Creating prefix script '/home/ali/Engineering/ITI/low_speed_self_driving_vehicles/project_camera_calibration/implementations/CameraCalibration1/build/ros2Ws/install/local_setup.zsh'
[8.142s] INFO:colcon.colcon_core.shell:Creating prefix chain script '/home/ali/Engineering/ITI/low_speed_self_driving_vehicles/project_camera_calibration/implementations/CameraCalibration1/build/ros2Ws/install/setup.zsh'
