[0.672s] Invoking command in '/home/ali/Engineering/ITI/low_speed_self_driving_vehicles/project_camera_calibration/implementations/CameraCalibration1/build/ros2Ws/src/elp_read': PYTHONPATH=/home/ali/Engineering/ITI/low_speed_self_driving_vehicles/project_camera_calibration/implementations/CameraCalibration1/build/ros2Ws/install/elp_read/lib/python3.8/site-packages:${PYTHONPATH} /usr/bin/python3 setup.py egg_info --egg-base ../../build/elp_read build --build-base /home/ali/Engineering/ITI/low_speed_self_driving_vehicles/project_camera_calibration/implementations/CameraCalibration1/build/ros2Ws/build/elp_read/build install --prefix /home/ali/Engineering/ITI/low_speed_self_driving_vehicles/project_camera_calibration/implementations/CameraCalibration1/build/ros2Ws/install/elp_read --record /home/ali/Engineering/ITI/low_speed_self_driving_vehicles/project_camera_calibration/implementations/CameraCalibration1/build/ros2Ws/build/elp_read/install.log --single-version-externally-managed
[1.254s] running egg_info
[1.255s] writing ../../build/elp_read/elp_read.egg-info/PKG-INFO
[1.255s] writing dependency_links to ../../build/elp_read/elp_read.egg-info/dependency_links.txt
[1.256s] writing entry points to ../../build/elp_read/elp_read.egg-info/entry_points.txt
[1.256s] writing requirements to ../../build/elp_read/elp_read.egg-info/requires.txt
[1.256s] writing top-level names to ../../build/elp_read/elp_read.egg-info/top_level.txt
[1.341s] reading manifest file '../../build/elp_read/elp_read.egg-info/SOURCES.txt'
[1.343s] writing manifest file '../../build/elp_read/elp_read.egg-info/SOURCES.txt'
[1.343s] running build
[1.344s] running build_py
[1.344s] running install
[1.346s] running install_lib
[1.350s] running install_data
[1.351s] running install_egg_info
[1.356s] removing '/home/ali/Engineering/ITI/low_speed_self_driving_vehicles/project_camera_calibration/implementations/CameraCalibration1/build/ros2Ws/install/elp_read/lib/python3.8/site-packages/elp_read-0.0.0-py3.8.egg-info' (and everything under it)
[1.356s] Copying ../../build/elp_read/elp_read.egg-info to /home/ali/Engineering/ITI/low_speed_self_driving_vehicles/project_camera_calibration/implementations/CameraCalibration1/build/ros2Ws/install/elp_read/lib/python3.8/site-packages/elp_read-0.0.0-py3.8.egg-info
[1.358s] running install_scripts
[1.399s] Installing elp_read script to /home/ali/Engineering/ITI/low_speed_self_driving_vehicles/project_camera_calibration/implementations/CameraCalibration1/build/ros2Ws/install/elp_read/lib/elp_read
[1.399s] writing list of installed files to '/home/ali/Engineering/ITI/low_speed_self_driving_vehicles/project_camera_calibration/implementations/CameraCalibration1/build/ros2Ws/build/elp_read/install.log'
[1.447s] Invoked command in '/home/ali/Engineering/ITI/low_speed_self_driving_vehicles/project_camera_calibration/implementations/CameraCalibration1/build/ros2Ws/src/elp_read' returned '0': PYTHONPATH=/home/ali/Engineering/ITI/low_speed_self_driving_vehicles/project_camera_calibration/implementations/CameraCalibration1/build/ros2Ws/install/elp_read/lib/python3.8/site-packages:${PYTHONPATH} /usr/bin/python3 setup.py egg_info --egg-base ../../build/elp_read build --build-base /home/ali/Engineering/ITI/low_speed_self_driving_vehicles/project_camera_calibration/implementations/CameraCalibration1/build/ros2Ws/build/elp_read/build install --prefix /home/ali/Engineering/ITI/low_speed_self_driving_vehicles/project_camera_calibration/implementations/CameraCalibration1/build/ros2Ws/install/elp_read --record /home/ali/Engineering/ITI/low_speed_self_driving_vehicles/project_camera_calibration/implementations/CameraCalibration1/build/ros2Ws/build/elp_read/install.log --single-version-externally-managed
