[0.413s] DEBUG:colcon:Command line arguments: ['/usr/bin/colcon', 'build']
[0.413s] DEBUG:colcon:Parsed command line arguments: Namespace(ament_cmake_args=None, base_paths=['.'], build_base='build', catkin_cmake_args=None, catkin_skip_building_tests=False, cmake_args=None, cmake_clean_cache=False, cmake_clean_first=False, cmake_force_configure=False, cmake_target=None, cmake_target_skip_unavailable=False, continue_on_error=False, event_handlers=None, executor='parallel', ignore_user_meta=False, install_base='install', log_base=None, log_level=None, main=<bound method BuildVerb.main of <colcon_core.verb.build.BuildVerb object at 0x7f5f29e14bb0>>, merge_install=False, metas=['./colcon.meta'], packages_above=None, packages_above_and_dependencies=None, packages_above_depth=None, packages_end=None, packages_ignore=None, packages_ignore_regex=None, packages_select=None, packages_select_build_failed=False, packages_select_by_dep=None, packages_select_regex=None, packages_select_test_failures=False, packages_skip=None, packages_skip_build_finished=False, packages_skip_by_dep=None, packages_skip_regex=None, packages_skip_test_passed=False, packages_skip_up_to=None, packages_start=None, packages_up_to=None, packages_up_to_regex=None, parallel_workers=4, paths=None, symlink_install=False, test_result_base=None, verb_extension=<colcon_core.verb.build.BuildVerb object at 0x7f5f29e14bb0>, verb_name='build', verb_parser=<colcon_defaults.argument_parser.defaults.DefaultArgumentsDecorator object at 0x7f5f29e23160>)
[0.419s] Level 1:colcon.colcon_core.package_discovery:discover_packages(colcon_meta) check parameters
[0.419s] Level 1:colcon.colcon_core.package_discovery:discover_packages(recursive) check parameters
[0.419s] Level 1:colcon.colcon_core.package_discovery:discover_packages(ignore) check parameters
[0.419s] Level 1:colcon.colcon_core.package_discovery:discover_packages(path) check parameters
[0.419s] Level 1:colcon.colcon_core.package_discovery:discover_packages(colcon_meta) discover
[0.419s] Level 1:colcon.colcon_core.package_discovery:discover_packages(recursive) discover
[0.419s] INFO:colcon.colcon_core.package_discovery:Crawling recursively for packages in '/home/ali/Engineering/ITI/low_speed_self_driving_vehicles/project_camera_calibration/implementations/CameraCalibration1/build/ros2Ws'
[0.419s] Level 1:colcon.colcon_core.package_identification:_identify(.) by extensions ['ignore', 'ignore_ament_install']
[0.420s] Level 1:colcon.colcon_core.package_identification:_identify(.) by extension 'ignore'
[0.420s] Level 1:colcon.colcon_core.package_identification:_identify(.) by extension 'ignore_ament_install'
[0.420s] Level 1:colcon.colcon_core.package_identification:_identify(.) by extensions ['colcon_pkg']
[0.420s] Level 1:colcon.colcon_core.package_identification:_identify(.) by extension 'colcon_pkg'
[0.420s] Level 1:colcon.colcon_core.package_identification:_identify(.) by extensions ['colcon_meta']
[0.420s] Level 1:colcon.colcon_core.package_identification:_identify(.) by extension 'colcon_meta'
[0.420s] Level 1:colcon.colcon_core.package_identification:_identify(.) by extensions ['ros']
[0.420s] Level 1:colcon.colcon_core.package_identification:_identify(.) by extension 'ros'
[0.433s] Level 1:colcon.colcon_core.package_identification:_identify(.) by extensions ['cmake', 'python']
[0.433s] Level 1:colcon.colcon_core.package_identification:_identify(.) by extension 'cmake'
[0.433s] Level 1:colcon.colcon_core.package_identification:_identify(.) by extension 'python'
[0.433s] Level 1:colcon.colcon_core.package_identification:_identify(.) by extensions ['python_setup_py']
[0.433s] Level 1:colcon.colcon_core.package_identification:_identify(.) by extension 'python_setup_py'
[0.433s] Level 1:colcon.colcon_core.package_identification:_identify(build) by extensions ['ignore', 'ignore_ament_install']
[0.433s] Level 1:colcon.colcon_core.package_identification:_identify(build) by extension 'ignore'
[0.433s] Level 1:colcon.colcon_core.package_identification:_identify(build) ignored
[0.433s] Level 1:colcon.colcon_core.package_identification:_identify(install) by extensions ['ignore', 'ignore_ament_install']
[0.434s] Level 1:colcon.colcon_core.package_identification:_identify(install) by extension 'ignore'
[0.434s] Level 1:colcon.colcon_core.package_identification:_identify(install) ignored
[0.434s] Level 1:colcon.colcon_core.package_identification:_identify(log) by extensions ['ignore', 'ignore_ament_install']
[0.434s] Level 1:colcon.colcon_core.package_identification:_identify(log) by extension 'ignore'
[0.434s] Level 1:colcon.colcon_core.package_identification:_identify(log) ignored
[0.434s] Level 1:colcon.colcon_core.package_identification:_identify(src) by extensions ['ignore', 'ignore_ament_install']
[0.434s] Level 1:colcon.colcon_core.package_identification:_identify(src) by extension 'ignore'
[0.434s] Level 1:colcon.colcon_core.package_identification:_identify(src) by extension 'ignore_ament_install'
[0.434s] Level 1:colcon.colcon_core.package_identification:_identify(src) by extensions ['colcon_pkg']
[0.434s] Level 1:colcon.colcon_core.package_identification:_identify(src) by extension 'colcon_pkg'
[0.434s] Level 1:colcon.colcon_core.package_identification:_identify(src) by extensions ['colcon_meta']
[0.434s] Level 1:colcon.colcon_core.package_identification:_identify(src) by extension 'colcon_meta'
[0.434s] Level 1:colcon.colcon_core.package_identification:_identify(src) by extensions ['ros']
[0.434s] Level 1:colcon.colcon_core.package_identification:_identify(src) by extension 'ros'
[0.434s] Level 1:colcon.colcon_core.package_identification:_identify(src) by extensions ['cmake', 'python']
[0.435s] Level 1:colcon.colcon_core.package_identification:_identify(src) by extension 'cmake'
[0.435s] Level 1:colcon.colcon_core.package_identification:_identify(src) by extension 'python'
[0.435s] Level 1:colcon.colcon_core.package_identification:_identify(src) by extensions ['python_setup_py']
[0.435s] Level 1:colcon.colcon_core.package_identification:_identify(src) by extension 'python_setup_py'
[0.435s] Level 1:colcon.colcon_core.package_identification:_identify(src/elp_pkg) by extensions ['ignore', 'ignore_ament_install']
[0.435s] Level 1:colcon.colcon_core.package_identification:_identify(src/elp_pkg) by extension 'ignore'
[0.435s] Level 1:colcon.colcon_core.package_identification:_identify(src/elp_pkg) by extension 'ignore_ament_install'
[0.435s] Level 1:colcon.colcon_core.package_identification:_identify(src/elp_pkg) by extensions ['colcon_pkg']
[0.435s] Level 1:colcon.colcon_core.package_identification:_identify(src/elp_pkg) by extension 'colcon_pkg'
[0.435s] Level 1:colcon.colcon_core.package_identification:_identify(src/elp_pkg) by extensions ['colcon_meta']
[0.435s] Level 1:colcon.colcon_core.package_identification:_identify(src/elp_pkg) by extension 'colcon_meta'
[0.435s] Level 1:colcon.colcon_core.package_identification:_identify(src/elp_pkg) by extensions ['ros']
[0.435s] Level 1:colcon.colcon_core.package_identification:_identify(src/elp_pkg) by extension 'ros'
[0.438s] DEBUG:colcon.colcon_core.package_identification:Package 'src/elp_pkg' with type 'ros.ament_cmake' and name 'elp_pkg'
[0.438s] Level 1:colcon.colcon_core.package_identification:_identify(src/elp_read) by extensions ['ignore', 'ignore_ament_install']
[0.438s] Level 1:colcon.colcon_core.package_identification:_identify(src/elp_read) by extension 'ignore'
[0.438s] Level 1:colcon.colcon_core.package_identification:_identify(src/elp_read) by extension 'ignore_ament_install'
[0.438s] Level 1:colcon.colcon_core.package_identification:_identify(src/elp_read) by extensions ['colcon_pkg']
[0.438s] Level 1:colcon.colcon_core.package_identification:_identify(src/elp_read) by extension 'colcon_pkg'
[0.438s] Level 1:colcon.colcon_core.package_identification:_identify(src/elp_read) by extensions ['colcon_meta']
[0.438s] Level 1:colcon.colcon_core.package_identification:_identify(src/elp_read) by extension 'colcon_meta'
[0.439s] Level 1:colcon.colcon_core.package_identification:_identify(src/elp_read) by extensions ['ros']
[0.439s] Level 1:colcon.colcon_core.package_identification:_identify(src/elp_read) by extension 'ros'
[0.439s] DEBUG:colcon.colcon_core.package_identification:Package 'src/elp_read' with type 'ros.ament_python' and name 'elp_read'
[0.439s] Level 1:colcon.colcon_core.package_discovery:discover_packages(recursive) using defaults
[0.439s] Level 1:colcon.colcon_core.package_discovery:discover_packages(ignore) discover
[0.439s] Level 1:colcon.colcon_core.package_discovery:discover_packages(ignore) using defaults
[0.439s] Level 1:colcon.colcon_core.package_discovery:discover_packages(path) discover
[0.439s] Level 1:colcon.colcon_core.package_discovery:discover_packages(path) using defaults
[0.463s] Level 5:colcon.colcon_core.verb:set package 'elp_pkg' build argument 'cmake_args' from command line to 'None'
[0.463s] Level 5:colcon.colcon_core.verb:set package 'elp_pkg' build argument 'cmake_target' from command line to 'None'
[0.463s] Level 5:colcon.colcon_core.verb:set package 'elp_pkg' build argument 'cmake_target_skip_unavailable' from command line to 'False'
[0.463s] Level 5:colcon.colcon_core.verb:set package 'elp_pkg' build argument 'cmake_clean_cache' from command line to 'False'
[0.463s] Level 5:colcon.colcon_core.verb:set package 'elp_pkg' build argument 'cmake_clean_first' from command line to 'False'
[0.463s] Level 5:colcon.colcon_core.verb:set package 'elp_pkg' build argument 'cmake_force_configure' from command line to 'False'
[0.463s] Level 5:colcon.colcon_core.verb:set package 'elp_pkg' build argument 'ament_cmake_args' from command line to 'None'
[0.463s] Level 5:colcon.colcon_core.verb:set package 'elp_pkg' build argument 'catkin_cmake_args' from command line to 'None'
[0.463s] Level 5:colcon.colcon_core.verb:set package 'elp_pkg' build argument 'catkin_skip_building_tests' from command line to 'False'
[0.463s] DEBUG:colcon.colcon_core.verb:Building package 'elp_pkg' with the following arguments: {'ament_cmake_args': None, 'build_base': '/home/ali/Engineering/ITI/low_speed_self_driving_vehicles/project_camera_calibration/implementations/CameraCalibration1/build/ros2Ws/build/elp_pkg', 'catkin_cmake_args': None, 'catkin_skip_building_tests': False, 'cmake_args': None, 'cmake_clean_cache': False, 'cmake_clean_first': False, 'cmake_force_configure': False, 'cmake_target': None, 'cmake_target_skip_unavailable': False, 'install_base': '/home/ali/Engineering/ITI/low_speed_self_driving_vehicles/project_camera_calibration/implementations/CameraCalibration1/build/ros2Ws/install/elp_pkg', 'merge_install': False, 'path': '/home/ali/Engineering/ITI/low_speed_self_driving_vehicles/project_camera_calibration/implementations/CameraCalibration1/build/ros2Ws/src/elp_pkg', 'symlink_install': False, 'test_result_base': None}
[0.466s] Level 5:colcon.colcon_core.verb:set package 'elp_read' build argument 'cmake_args' from command line to 'None'
[0.466s] Level 5:colcon.colcon_core.verb:set package 'elp_read' build argument 'cmake_target' from command line to 'None'
[0.466s] Level 5:colcon.colcon_core.verb:set package 'elp_read' build argument 'cmake_target_skip_unavailable' from command line to 'False'
[0.466s] Level 5:colcon.colcon_core.verb:set package 'elp_read' build argument 'cmake_clean_cache' from command line to 'False'
[0.466s] Level 5:colcon.colcon_core.verb:set package 'elp_read' build argument 'cmake_clean_first' from command line to 'False'
[0.466s] Level 5:colcon.colcon_core.verb:set package 'elp_read' build argument 'cmake_force_configure' from command line to 'False'
[0.466s] Level 5:colcon.colcon_core.verb:set package 'elp_read' build argument 'ament_cmake_args' from command line to 'None'
[0.466s] Level 5:colcon.colcon_core.verb:set package 'elp_read' build argument 'catkin_cmake_args' from command line to 'None'
[0.466s] Level 5:colcon.colcon_core.verb:set package 'elp_read' build argument 'catkin_skip_building_tests' from command line to 'False'
[0.466s] DEBUG:colcon.colcon_core.verb:Building package 'elp_read' with the following arguments: {'ament_cmake_args': None, 'build_base': '/home/ali/Engineering/ITI/low_speed_self_driving_vehicles/project_camera_calibration/implementations/CameraCalibration1/build/ros2Ws/build/elp_read', 'catkin_cmake_args': None, 'catkin_skip_building_tests': False, 'cmake_args': None, 'cmake_clean_cache': False, 'cmake_clean_first': False, 'cmake_force_configure': False, 'cmake_target': None, 'cmake_target_skip_unavailable': False, 'install_base': '/home/ali/Engineering/ITI/low_speed_self_driving_vehicles/project_camera_calibration/implementations/CameraCalibration1/build/ros2Ws/install/elp_read', 'merge_install': False, 'path': '/home/ali/Engineering/ITI/low_speed_self_driving_vehicles/project_camera_calibration/implementations/CameraCalibration1/build/ros2Ws/src/elp_read', 'symlink_install': False, 'test_result_base': None}
[0.467s] INFO:colcon.colcon_core.executor:Executing jobs using 'parallel' executor
[0.469s] DEBUG:colcon.colcon_parallel_executor.executor.parallel:run_until_complete
[0.470s] INFO:colcon.colcon_ros.task.ament_cmake.build:Building ROS package in '/home/ali/Engineering/ITI/low_speed_self_driving_vehicles/project_camera_calibration/implementations/CameraCalibration1/build/ros2Ws/src/elp_pkg' with build type 'ament_cmake'
[0.470s] INFO:colcon.colcon_cmake.task.cmake.build:Building CMake package in '/home/ali/Engineering/ITI/low_speed_self_driving_vehicles/project_camera_calibration/implementations/CameraCalibration1/build/ros2Ws/src/elp_pkg'
[0.475s] INFO:colcon.colcon_core.plugin_system:Skipping extension 'colcon_core.shell.bat': Not used on non-Windows systems
[0.475s] INFO:colcon.colcon_core.shell:Skip shell extension 'powershell' for command environment: Not usable outside of PowerShell
[0.475s] DEBUG:colcon.colcon_core.shell:Skip shell extension 'dsv' for command environment
[0.483s] DEBUG:colcon.colcon_core.shell:Ignoring prefix path '/opt/ros/foxy'
[0.487s] INFO:colcon.colcon_ros.task.ament_python.build:Building ROS package in '/home/ali/Engineering/ITI/low_speed_self_driving_vehicles/project_camera_calibration/implementations/CameraCalibration1/build/ros2Ws/src/elp_read' with build type 'ament_python'
[0.487s] Level 1:colcon.colcon_core.shell:create_environment_hook('elp_read', 'ament_prefix_path')
[0.488s] INFO:colcon.colcon_core.shell:Creating environment hook '/home/ali/Engineering/ITI/low_speed_self_driving_vehicles/project_camera_calibration/implementations/CameraCalibration1/build/ros2Ws/install/elp_read/share/elp_read/hook/ament_prefix_path.ps1'
[0.490s] INFO:colcon.colcon_core.shell:Creating environment descriptor '/home/ali/Engineering/ITI/low_speed_self_driving_vehicles/project_camera_calibration/implementations/CameraCalibration1/build/ros2Ws/install/elp_read/share/elp_read/hook/ament_prefix_path.dsv'
[0.490s] INFO:colcon.colcon_core.shell:Creating environment hook '/home/ali/Engineering/ITI/low_speed_self_driving_vehicles/project_camera_calibration/implementations/CameraCalibration1/build/ros2Ws/install/elp_read/share/elp_read/hook/ament_prefix_path.sh'
[0.492s] INFO:colcon.colcon_core.shell:Skip shell extension 'powershell' for command environment: Not usable outside of PowerShell
[0.492s] DEBUG:colcon.colcon_core.shell:Skip shell extension 'dsv' for command environment
[0.499s] DEBUG:colcon.colcon_core.shell:Ignoring prefix path '/opt/ros/foxy'
[0.546s] DEBUG:colcon.colcon_core.event_handler.log_command:Invoking command in '/home/ali/Engineering/ITI/low_speed_self_driving_vehicles/project_camera_calibration/implementations/CameraCalibration1/build/ros2Ws/build/elp_pkg': CMAKE_PREFIX_PATH=${CMAKE_PREFIX_PATH}:/home/ali/Engineering/ITI/low_speed_self_driving_vehicles/ROS_lectures/GWS/install/tekomoro_tf:/home/ali/Engineering/ITI/low_speed_self_driving_vehicles/ROS_lectures/GWS/install/python_qos_demo:/home/ali/Engineering/ITI/low_speed_self_driving_vehicles/ROS_lectures/GWS/install/pkg_name:/home/ali/Engineering/ITI/low_speed_self_driving_vehicles/ROS_lectures/GWS/install/localization_lab2:/home/ali/Engineering/ITI/low_speed_self_driving_vehicles/ROS_lectures/GWS/install/localization_lab1:/home/ali/Engineering/ITI/low_speed_self_driving_vehicles/ROS_lectures/GWS/install/iti_lab_9:/home/ali/Engineering/ITI/low_speed_self_driving_vehicles/ROS_lectures/GWS/install/iti_lab_8:/home/ali/Engineering/ITI/low_speed_self_driving_vehicles/ROS_lectures/GWS/install/iti_lab7:/home/ali/Engineering/ITI/low_speed_self_driving_vehicles/ROS_lectures/GWS/install/iti_lab4:/home/ali/Engineering/ITI/low_speed_self_driving_vehicles/ROS_lectures/GWS/install/iti_lab3:/home/ali/Engineering/ITI/low_speed_self_driving_vehicles/ROS_lectures/GWS/install/iti_lab2:/home/ali/Engineering/ITI/low_speed_self_driving_vehicles/ROS_lectures/GWS/install/iti_lab1:/home/ali/Engineering/ITI/low_speed_self_driving_vehicles/ROS_lectures/GWS/install/control_lab1:/home/ali/Engineering/ITI/low_speed_self_driving_vehicles/ROS_lectures/nav2_depend_ws/install/nav2_gazebo_spawner:/home/ali/Engineering/ITI/low_speed_self_driving_vehicles/ROS_lectures/projectWs/install/ros2_project:/opt/ros/foxy /usr/bin/cmake --build /home/ali/Engineering/ITI/low_speed_self_driving_vehicles/project_camera_calibration/implementations/CameraCalibration1/build/ros2Ws/build/elp_pkg -- -j4 -l4
[0.915s] INFO:colcon.colcon_core.task.python.build:Building Python package in '/home/ali/Engineering/ITI/low_speed_self_driving_vehicles/project_camera_calibration/implementations/CameraCalibration1/build/ros2Ws/src/elp_read'
[0.916s] INFO:colcon.colcon_core.shell:Skip shell extension 'powershell' for command environment: Not usable outside of PowerShell
[0.917s] DEBUG:colcon.colcon_core.shell:Skip shell extension 'dsv' for command environment
[0.924s] DEBUG:colcon.colcon_core.shell:Ignoring prefix path '/opt/ros/foxy'
[0.937s] DEBUG:colcon.colcon_core.event_handler.log_command:Invoking command in '/home/ali/Engineering/ITI/low_speed_self_driving_vehicles/project_camera_calibration/implementations/CameraCalibration1/build/ros2Ws/src/elp_read': PYTHONPATH=/home/ali/Engineering/ITI/low_speed_self_driving_vehicles/project_camera_calibration/implementations/CameraCalibration1/build/ros2Ws/install/elp_read/lib/python3.8/site-packages:${PYTHONPATH} /usr/bin/python3 setup.py egg_info --egg-base ../../build/elp_read build --build-base /home/ali/Engineering/ITI/low_speed_self_driving_vehicles/project_camera_calibration/implementations/CameraCalibration1/build/ros2Ws/build/elp_read/build install --prefix /home/ali/Engineering/ITI/low_speed_self_driving_vehicles/project_camera_calibration/implementations/CameraCalibration1/build/ros2Ws/install/elp_read --record /home/ali/Engineering/ITI/low_speed_self_driving_vehicles/project_camera_calibration/implementations/CameraCalibration1/build/ros2Ws/build/elp_read/install.log --single-version-externally-managed
[1.422s] DEBUG:colcon.colcon_core.event_handler.log_command:Invoked command in '/home/ali/Engineering/ITI/low_speed_self_driving_vehicles/project_camera_calibration/implementations/CameraCalibration1/build/ros2Ws/src/elp_read' returned '0': PYTHONPATH=/home/ali/Engineering/ITI/low_speed_self_driving_vehicles/project_camera_calibration/implementations/CameraCalibration1/build/ros2Ws/install/elp_read/lib/python3.8/site-packages:${PYTHONPATH} /usr/bin/python3 setup.py egg_info --egg-base ../../build/elp_read build --build-base /home/ali/Engineering/ITI/low_speed_self_driving_vehicles/project_camera_calibration/implementations/CameraCalibration1/build/ros2Ws/build/elp_read/build install --prefix /home/ali/Engineering/ITI/low_speed_self_driving_vehicles/project_camera_calibration/implementations/CameraCalibration1/build/ros2Ws/install/elp_read --record /home/ali/Engineering/ITI/low_speed_self_driving_vehicles/project_camera_calibration/implementations/CameraCalibration1/build/ros2Ws/build/elp_read/install.log --single-version-externally-managed
[1.426s] Level 1:colcon.colcon_core.environment:checking '/home/ali/Engineering/ITI/low_speed_self_driving_vehicles/project_camera_calibration/implementations/CameraCalibration1/build/ros2Ws/install/elp_read' for CMake module files
[1.427s] Level 1:colcon.colcon_core.environment:checking '/home/ali/Engineering/ITI/low_speed_self_driving_vehicles/project_camera_calibration/implementations/CameraCalibration1/build/ros2Ws/install/elp_read' for CMake config files
[1.428s] Level 1:colcon.colcon_core.environment:checking '/home/ali/Engineering/ITI/low_speed_self_driving_vehicles/project_camera_calibration/implementations/CameraCalibration1/build/ros2Ws/install/elp_read/lib'
[1.428s] Level 1:colcon.colcon_core.environment:checking '/home/ali/Engineering/ITI/low_speed_self_driving_vehicles/project_camera_calibration/implementations/CameraCalibration1/build/ros2Ws/install/elp_read/bin'
[1.428s] Level 1:colcon.colcon_core.environment:checking '/home/ali/Engineering/ITI/low_speed_self_driving_vehicles/project_camera_calibration/implementations/CameraCalibration1/build/ros2Ws/install/elp_read/lib/pkgconfig/elp_read.pc'
[1.428s] Level 1:colcon.colcon_core.environment:checking '/home/ali/Engineering/ITI/low_speed_self_driving_vehicles/project_camera_calibration/implementations/CameraCalibration1/build/ros2Ws/install/elp_read/lib/python3.8/site-packages'
[1.429s] Level 1:colcon.colcon_core.shell:create_environment_hook('elp_read', 'pythonpath')
[1.429s] INFO:colcon.colcon_core.shell:Creating environment hook '/home/ali/Engineering/ITI/low_speed_self_driving_vehicles/project_camera_calibration/implementations/CameraCalibration1/build/ros2Ws/install/elp_read/share/elp_read/hook/pythonpath.ps1'
[1.430s] INFO:colcon.colcon_core.shell:Creating environment descriptor '/home/ali/Engineering/ITI/low_speed_self_driving_vehicles/project_camera_calibration/implementations/CameraCalibration1/build/ros2Ws/install/elp_read/share/elp_read/hook/pythonpath.dsv'
[1.430s] INFO:colcon.colcon_core.shell:Creating environment hook '/home/ali/Engineering/ITI/low_speed_self_driving_vehicles/project_camera_calibration/implementations/CameraCalibration1/build/ros2Ws/install/elp_read/share/elp_read/hook/pythonpath.sh'
[1.431s] Level 1:colcon.colcon_core.environment:create_environment_scripts_only(elp_read)
[1.432s] INFO:colcon.colcon_core.shell:Creating package script '/home/ali/Engineering/ITI/low_speed_self_driving_vehicles/project_camera_calibration/implementations/CameraCalibration1/build/ros2Ws/install/elp_read/share/elp_read/package.ps1'
[1.433s] INFO:colcon.colcon_core.shell:Creating package descriptor '/home/ali/Engineering/ITI/low_speed_self_driving_vehicles/project_camera_calibration/implementations/CameraCalibration1/build/ros2Ws/install/elp_read/share/elp_read/package.dsv'
[1.434s] INFO:colcon.colcon_core.shell:Creating package script '/home/ali/Engineering/ITI/low_speed_self_driving_vehicles/project_camera_calibration/implementations/CameraCalibration1/build/ros2Ws/install/elp_read/share/elp_read/package.sh'
[1.434s] INFO:colcon.colcon_core.shell:Creating package script '/home/ali/Engineering/ITI/low_speed_self_driving_vehicles/project_camera_calibration/implementations/CameraCalibration1/build/ros2Ws/install/elp_read/share/elp_read/package.bash'
[1.435s] INFO:colcon.colcon_core.shell:Creating package script '/home/ali/Engineering/ITI/low_speed_self_driving_vehicles/project_camera_calibration/implementations/CameraCalibration1/build/ros2Ws/install/elp_read/share/elp_read/package.zsh'
[1.436s] Level 1:colcon.colcon_core.environment:create_file_with_runtime_dependencies(/home/ali/Engineering/ITI/low_speed_self_driving_vehicles/project_camera_calibration/implementations/CameraCalibration1/build/ros2Ws/install/elp_read/share/colcon-core/packages/elp_read)
[5.805s] DEBUG:colcon.colcon_core.event_handler.log_command:Invoked command in '/home/ali/Engineering/ITI/low_speed_self_driving_vehicles/project_camera_calibration/implementations/CameraCalibration1/build/ros2Ws/build/elp_pkg' returned '2': CMAKE_PREFIX_PATH=${CMAKE_PREFIX_PATH}:/home/ali/Engineering/ITI/low_speed_self_driving_vehicles/ROS_lectures/GWS/install/tekomoro_tf:/home/ali/Engineering/ITI/low_speed_self_driving_vehicles/ROS_lectures/GWS/install/python_qos_demo:/home/ali/Engineering/ITI/low_speed_self_driving_vehicles/ROS_lectures/GWS/install/pkg_name:/home/ali/Engineering/ITI/low_speed_self_driving_vehicles/ROS_lectures/GWS/install/localization_lab2:/home/ali/Engineering/ITI/low_speed_self_driving_vehicles/ROS_lectures/GWS/install/localization_lab1:/home/ali/Engineering/ITI/low_speed_self_driving_vehicles/ROS_lectures/GWS/install/iti_lab_9:/home/ali/Engineering/ITI/low_speed_self_driving_vehicles/ROS_lectures/GWS/install/iti_lab_8:/home/ali/Engineering/ITI/low_speed_self_driving_vehicles/ROS_lectures/GWS/install/iti_lab7:/home/ali/Engineering/ITI/low_speed_self_driving_vehicles/ROS_lectures/GWS/install/iti_lab4:/home/ali/Engineering/ITI/low_speed_self_driving_vehicles/ROS_lectures/GWS/install/iti_lab3:/home/ali/Engineering/ITI/low_speed_self_driving_vehicles/ROS_lectures/GWS/install/iti_lab2:/home/ali/Engineering/ITI/low_speed_self_driving_vehicles/ROS_lectures/GWS/install/iti_lab1:/home/ali/Engineering/ITI/low_speed_self_driving_vehicles/ROS_lectures/GWS/install/control_lab1:/home/ali/Engineering/ITI/low_speed_self_driving_vehicles/ROS_lectures/nav2_depend_ws/install/nav2_gazebo_spawner:/home/ali/Engineering/ITI/low_speed_self_driving_vehicles/ROS_lectures/projectWs/install/ros2_project:/opt/ros/foxy /usr/bin/cmake --build /home/ali/Engineering/ITI/low_speed_self_driving_vehicles/project_camera_calibration/implementations/CameraCalibration1/build/ros2Ws/build/elp_pkg -- -j4 -l4
[5.852s] Level 1:colcon.colcon_core.environment:create_environment_scripts_only(elp_pkg)
[5.853s] Level 1:colcon.colcon_core.environment:checking '/home/ali/Engineering/ITI/low_speed_self_driving_vehicles/project_camera_calibration/implementations/CameraCalibration1/build/ros2Ws/install/elp_pkg' for CMake module files
[5.854s] Level 1:colcon.colcon_core.environment:checking '/home/ali/Engineering/ITI/low_speed_self_driving_vehicles/project_camera_calibration/implementations/CameraCalibration1/build/ros2Ws/install/elp_pkg' for CMake config files
[5.854s] Level 1:colcon.colcon_core.shell:create_environment_hook('elp_pkg', 'cmake_prefix_path')
[5.855s] INFO:colcon.colcon_core.shell:Creating environment hook '/home/ali/Engineering/ITI/low_speed_self_driving_vehicles/project_camera_calibration/implementations/CameraCalibration1/build/ros2Ws/install/elp_pkg/share/elp_pkg/hook/cmake_prefix_path.ps1'
[5.855s] INFO:colcon.colcon_core.shell:Creating environment descriptor '/home/ali/Engineering/ITI/low_speed_self_driving_vehicles/project_camera_calibration/implementations/CameraCalibration1/build/ros2Ws/install/elp_pkg/share/elp_pkg/hook/cmake_prefix_path.dsv'
[5.856s] INFO:colcon.colcon_core.shell:Creating environment hook '/home/ali/Engineering/ITI/low_speed_self_driving_vehicles/project_camera_calibration/implementations/CameraCalibration1/build/ros2Ws/install/elp_pkg/share/elp_pkg/hook/cmake_prefix_path.sh'
[5.856s] Level 1:colcon.colcon_core.environment:checking '/home/ali/Engineering/ITI/low_speed_self_driving_vehicles/project_camera_calibration/implementations/CameraCalibration1/build/ros2Ws/install/elp_pkg/lib'
[5.856s] Level 1:colcon.colcon_core.environment:checking '/home/ali/Engineering/ITI/low_speed_self_driving_vehicles/project_camera_calibration/implementations/CameraCalibration1/build/ros2Ws/install/elp_pkg/bin'
[5.857s] Level 1:colcon.colcon_core.environment:checking '/home/ali/Engineering/ITI/low_speed_self_driving_vehicles/project_camera_calibration/implementations/CameraCalibration1/build/ros2Ws/install/elp_pkg/lib/pkgconfig/elp_pkg.pc'
[5.857s] Level 1:colcon.colcon_core.environment:checking '/home/ali/Engineering/ITI/low_speed_self_driving_vehicles/project_camera_calibration/implementations/CameraCalibration1/build/ros2Ws/install/elp_pkg/lib/python3.8/site-packages'
[5.857s] INFO:colcon.colcon_core.shell:Creating package script '/home/ali/Engineering/ITI/low_speed_self_driving_vehicles/project_camera_calibration/implementations/CameraCalibration1/build/ros2Ws/install/elp_pkg/share/elp_pkg/package.ps1'
[5.858s] INFO:colcon.colcon_core.shell:Creating package descriptor '/home/ali/Engineering/ITI/low_speed_self_driving_vehicles/project_camera_calibration/implementations/CameraCalibration1/build/ros2Ws/install/elp_pkg/share/elp_pkg/package.dsv'
[5.858s] INFO:colcon.colcon_core.shell:Creating package script '/home/ali/Engineering/ITI/low_speed_self_driving_vehicles/project_camera_calibration/implementations/CameraCalibration1/build/ros2Ws/install/elp_pkg/share/elp_pkg/package.sh'
[5.859s] INFO:colcon.colcon_core.shell:Creating package script '/home/ali/Engineering/ITI/low_speed_self_driving_vehicles/project_camera_calibration/implementations/CameraCalibration1/build/ros2Ws/install/elp_pkg/share/elp_pkg/package.bash'
[5.859s] INFO:colcon.colcon_core.shell:Creating package script '/home/ali/Engineering/ITI/low_speed_self_driving_vehicles/project_camera_calibration/implementations/CameraCalibration1/build/ros2Ws/install/elp_pkg/share/elp_pkg/package.zsh'
[5.860s] Level 1:colcon.colcon_core.environment:create_file_with_runtime_dependencies(/home/ali/Engineering/ITI/low_speed_self_driving_vehicles/project_camera_calibration/implementations/CameraCalibration1/build/ros2Ws/install/elp_pkg/share/colcon-core/packages/elp_pkg)
[5.870s] DEBUG:colcon.colcon_parallel_executor.executor.parallel:closing loop
[5.871s] DEBUG:colcon.colcon_parallel_executor.executor.parallel:loop closed
[5.871s] DEBUG:colcon.colcon_parallel_executor.executor.parallel:run_until_complete finished with '2'
[5.871s] DEBUG:colcon.colcon_core.event_reactor:joining thread
[5.885s] INFO:colcon.colcon_core.plugin_system:Skipping extension 'colcon_notification.desktop_notification.terminal_notifier': Not used on non-Darwin systems
[5.885s] INFO:colcon.colcon_core.plugin_system:Skipping extension 'colcon_notification.desktop_notification.win32': Not used on non-Windows systems
[5.885s] INFO:colcon.colcon_notification.desktop_notification:Sending desktop notification using 'notify2'
[5.906s] DEBUG:colcon.colcon_core.event_reactor:joined thread
[5.907s] INFO:colcon.colcon_core.shell:Creating prefix script '/home/ali/Engineering/ITI/low_speed_self_driving_vehicles/project_camera_calibration/implementations/CameraCalibration1/build/ros2Ws/install/local_setup.ps1'
[5.908s] INFO:colcon.colcon_core.shell:Creating prefix util module '/home/ali/Engineering/ITI/low_speed_self_driving_vehicles/project_camera_calibration/implementations/CameraCalibration1/build/ros2Ws/install/_local_setup_util_ps1.py'
[5.910s] INFO:colcon.colcon_core.shell:Creating prefix chain script '/home/ali/Engineering/ITI/low_speed_self_driving_vehicles/project_camera_calibration/implementations/CameraCalibration1/build/ros2Ws/install/setup.ps1'
[5.915s] INFO:colcon.colcon_core.shell:Creating prefix script '/home/ali/Engineering/ITI/low_speed_self_driving_vehicles/project_camera_calibration/implementations/CameraCalibration1/build/ros2Ws/install/local_setup.sh'
[5.916s] INFO:colcon.colcon_core.shell:Creating prefix util module '/home/ali/Engineering/ITI/low_speed_self_driving_vehicles/project_camera_calibration/implementations/CameraCalibration1/build/ros2Ws/install/_local_setup_util_sh.py'
[5.916s] INFO:colcon.colcon_core.shell:Creating prefix chain script '/home/ali/Engineering/ITI/low_speed_self_driving_vehicles/project_camera_calibration/implementations/CameraCalibration1/build/ros2Ws/install/setup.sh'
[5.921s] INFO:colcon.colcon_core.shell:Creating prefix script '/home/ali/Engineering/ITI/low_speed_self_driving_vehicles/project_camera_calibration/implementations/CameraCalibration1/build/ros2Ws/install/local_setup.bash'
[5.922s] INFO:colcon.colcon_core.shell:Creating prefix chain script '/home/ali/Engineering/ITI/low_speed_self_driving_vehicles/project_camera_calibration/implementations/CameraCalibration1/build/ros2Ws/install/setup.bash'
[5.928s] INFO:colcon.colcon_core.shell:Creating prefix script '/home/ali/Engineering/ITI/low_speed_self_driving_vehicles/project_camera_calibration/implementations/CameraCalibration1/build/ros2Ws/install/local_setup.zsh'
[5.928s] INFO:colcon.colcon_core.shell:Creating prefix chain script '/home/ali/Engineering/ITI/low_speed_self_driving_vehicles/project_camera_calibration/implementations/CameraCalibration1/build/ros2Ws/install/setup.zsh'
