[0.050s] Invoking command in '/home/ali/Engineering/ITI/low_speed_self_driving_vehicles/project_camera_calibration/implementations/CameraCalibration1/build/ros2Ws/build/elp_pkg': CMAKE_PREFIX_PATH=${CMAKE_PREFIX_PATH}:/home/ali/Engineering/ITI/low_speed_self_driving_vehicles/ROS_lectures/GWS/install/tekomoro_tf:/home/ali/Engineering/ITI/low_speed_self_driving_vehicles/ROS_lectures/GWS/install/python_qos_demo:/home/ali/Engineering/ITI/low_speed_self_driving_vehicles/ROS_lectures/GWS/install/pkg_name:/home/ali/Engineering/ITI/low_speed_self_driving_vehicles/ROS_lectures/GWS/install/localization_lab2:/home/ali/Engineering/ITI/low_speed_self_driving_vehicles/ROS_lectures/GWS/install/localization_lab1:/home/ali/Engineering/ITI/low_speed_self_driving_vehicles/ROS_lectures/GWS/install/iti_lab_9:/home/ali/Engineering/ITI/low_speed_self_driving_vehicles/ROS_lectures/GWS/install/iti_lab_8:/home/ali/Engineering/ITI/low_speed_self_driving_vehicles/ROS_lectures/GWS/install/iti_lab7:/home/ali/Engineering/ITI/low_speed_self_driving_vehicles/ROS_lectures/GWS/install/iti_lab4:/home/ali/Engineering/ITI/low_speed_self_driving_vehicles/ROS_lectures/GWS/install/iti_lab3:/home/ali/Engineering/ITI/low_speed_self_driving_vehicles/ROS_lectures/GWS/install/iti_lab2:/home/ali/Engineering/ITI/low_speed_self_driving_vehicles/ROS_lectures/GWS/install/iti_lab1:/home/ali/Engineering/ITI/low_speed_self_driving_vehicles/ROS_lectures/GWS/install/control_lab1:/home/ali/Engineering/ITI/low_speed_self_driving_vehicles/ROS_lectures/nav2_depend_ws/install/nav2_gazebo_spawner:/home/ali/Engineering/ITI/low_speed_self_driving_vehicles/ROS_lectures/projectWs/install/ros2_project:/opt/ros/foxy /usr/bin/cmake --build /home/ali/Engineering/ITI/low_speed_self_driving_vehicles/project_camera_calibration/implementations/CameraCalibration1/build/ros2Ws/build/elp_pkg -- -j4 -l4
[0.428s] -- Found ament_cmake: 0.9.8 (/opt/ros/foxy/share/ament_cmake/cmake)
[0.581s] -- Using PYTHON_EXECUTABLE: /usr/bin/python3
[1.361s] -- Found rclcpp: 2.3.1 (/opt/ros/foxy/share/rclcpp/cmake)
[2.414s] -- Using all available rosidl_typesupport_c: rosidl_typesupport_fastrtps_c;rosidl_typesupport_introspection_c
[2.434s] -- Found rosidl_adapter: 1.2.1 (/opt/ros/foxy/share/rosidl_adapter/cmake)
[3.059s] -- Using all available rosidl_typesupport_cpp: rosidl_typesupport_fastrtps_cpp;rosidl_typesupport_introspection_cpp
[3.313s] -- Found rmw_implementation_cmake: 1.0.3 (/opt/ros/foxy/share/rmw_implementation_cmake/cmake)
[3.341s] -- Using RMW implementation 'rmw_fastrtps_cpp' as default
[3.868s] -- Found sensor_msgs: 2.0.4 (/opt/ros/foxy/share/sensor_msgs/cmake)
[4.283s] -- Found ament_lint_auto: 0.9.6 (/opt/ros/foxy/share/ament_lint_auto/cmake)
[4.684s] -- Added test 'copyright' to check source files copyright and LICENSE
[4.697s] -- Added test 'cppcheck' to perform static code analysis on C / C++ code
[4.697s] -- Configured cppcheck include dirs: 
[4.697s] -- Configured cppcheck exclude dirs and/or files: 
[4.714s] -- Added test 'cpplint' to check C / C++ code against the Google style
[4.715s] -- Configured cpplint exclude dirs and/or files: 
[4.733s] -- Added test 'lint_cmake' to check CMake code style
[4.760s] -- Added test 'uncrustify' to check C / C++ code style
[4.760s] -- Configured uncrustify additional arguments: 
[4.761s] -- Added test 'xmllint' to check XML markup files
[4.801s] -- Configuring done
[5.022s] -- Generating done
[5.025s] -- Build files have been written to: /home/ali/Engineering/ITI/low_speed_self_driving_vehicles/project_camera_calibration/implementations/CameraCalibration1/build/ros2Ws/build/elp_pkg
[5.123s] [ 50%] [32m[1mLinking CXX executable elp_calibrate[0m
[5.685s] [100%] Built target elp_calibrate
[5.707s] Invoked command in '/home/ali/Engineering/ITI/low_speed_self_driving_vehicles/project_camera_calibration/implementations/CameraCalibration1/build/ros2Ws/build/elp_pkg' returned '0': CMAKE_PREFIX_PATH=${CMAKE_PREFIX_PATH}:/home/ali/Engineering/ITI/low_speed_self_driving_vehicles/ROS_lectures/GWS/install/tekomoro_tf:/home/ali/Engineering/ITI/low_speed_self_driving_vehicles/ROS_lectures/GWS/install/python_qos_demo:/home/ali/Engineering/ITI/low_speed_self_driving_vehicles/ROS_lectures/GWS/install/pkg_name:/home/ali/Engineering/ITI/low_speed_self_driving_vehicles/ROS_lectures/GWS/install/localization_lab2:/home/ali/Engineering/ITI/low_speed_self_driving_vehicles/ROS_lectures/GWS/install/localization_lab1:/home/ali/Engineering/ITI/low_speed_self_driving_vehicles/ROS_lectures/GWS/install/iti_lab_9:/home/ali/Engineering/ITI/low_speed_self_driving_vehicles/ROS_lectures/GWS/install/iti_lab_8:/home/ali/Engineering/ITI/low_speed_self_driving_vehicles/ROS_lectures/GWS/install/iti_lab7:/home/ali/Engineering/ITI/low_speed_self_driving_vehicles/ROS_lectures/GWS/install/iti_lab4:/home/ali/Engineering/ITI/low_speed_self_driving_vehicles/ROS_lectures/GWS/install/iti_lab3:/home/ali/Engineering/ITI/low_speed_self_driving_vehicles/ROS_lectures/GWS/install/iti_lab2:/home/ali/Engineering/ITI/low_speed_self_driving_vehicles/ROS_lectures/GWS/install/iti_lab1:/home/ali/Engineering/ITI/low_speed_self_driving_vehicles/ROS_lectures/GWS/install/control_lab1:/home/ali/Engineering/ITI/low_speed_self_driving_vehicles/ROS_lectures/nav2_depend_ws/install/nav2_gazebo_spawner:/home/ali/Engineering/ITI/low_speed_self_driving_vehicles/ROS_lectures/projectWs/install/ros2_project:/opt/ros/foxy /usr/bin/cmake --build /home/ali/Engineering/ITI/low_speed_self_driving_vehicles/project_camera_calibration/implementations/CameraCalibration1/build/ros2Ws/build/elp_pkg -- -j4 -l4
[5.785s] Invoking command in '/home/ali/Engineering/ITI/low_speed_self_driving_vehicles/project_camera_calibration/implementations/CameraCalibration1/build/ros2Ws/build/elp_pkg': CMAKE_PREFIX_PATH=${CMAKE_PREFIX_PATH}:/home/ali/Engineering/ITI/low_speed_self_driving_vehicles/ROS_lectures/GWS/install/tekomoro_tf:/home/ali/Engineering/ITI/low_speed_self_driving_vehicles/ROS_lectures/GWS/install/python_qos_demo:/home/ali/Engineering/ITI/low_speed_self_driving_vehicles/ROS_lectures/GWS/install/pkg_name:/home/ali/Engineering/ITI/low_speed_self_driving_vehicles/ROS_lectures/GWS/install/localization_lab2:/home/ali/Engineering/ITI/low_speed_self_driving_vehicles/ROS_lectures/GWS/install/localization_lab1:/home/ali/Engineering/ITI/low_speed_self_driving_vehicles/ROS_lectures/GWS/install/iti_lab_9:/home/ali/Engineering/ITI/low_speed_self_driving_vehicles/ROS_lectures/GWS/install/iti_lab_8:/home/ali/Engineering/ITI/low_speed_self_driving_vehicles/ROS_lectures/GWS/install/iti_lab7:/home/ali/Engineering/ITI/low_speed_self_driving_vehicles/ROS_lectures/GWS/install/iti_lab4:/home/ali/Engineering/ITI/low_speed_self_driving_vehicles/ROS_lectures/GWS/install/iti_lab3:/home/ali/Engineering/ITI/low_speed_self_driving_vehicles/ROS_lectures/GWS/install/iti_lab2:/home/ali/Engineering/ITI/low_speed_self_driving_vehicles/ROS_lectures/GWS/install/iti_lab1:/home/ali/Engineering/ITI/low_speed_self_driving_vehicles/ROS_lectures/GWS/install/control_lab1:/home/ali/Engineering/ITI/low_speed_self_driving_vehicles/ROS_lectures/nav2_depend_ws/install/nav2_gazebo_spawner:/home/ali/Engineering/ITI/low_speed_self_driving_vehicles/ROS_lectures/projectWs/install/ros2_project:/opt/ros/foxy /usr/bin/cmake --install /home/ali/Engineering/ITI/low_speed_self_driving_vehicles/project_camera_calibration/implementations/CameraCalibration1/build/ros2Ws/build/elp_pkg
[5.802s] -- Install configuration: ""
[5.815s] -- Installing: /home/ali/Engineering/ITI/low_speed_self_driving_vehicles/project_camera_calibration/implementations/CameraCalibration1/build/ros2Ws/install/elp_pkg/lib/elp_pkg/elp_calibrate
[5.823s] -- Set runtime path of "/home/ali/Engineering/ITI/low_speed_self_driving_vehicles/project_camera_calibration/implementations/CameraCalibration1/build/ros2Ws/install/elp_pkg/lib/elp_pkg/elp_calibrate" to ""
[5.826s] -- Up-to-date: /home/ali/Engineering/ITI/low_speed_self_driving_vehicles/project_camera_calibration/implementations/CameraCalibration1/build/ros2Ws/install/elp_pkg/share/ament_index/resource_index/package_run_dependencies/elp_pkg
[5.827s] -- Installing: /home/ali/Engineering/ITI/low_speed_self_driving_vehicles/project_camera_calibration/implementations/CameraCalibration1/build/ros2Ws/install/elp_pkg/share/ament_index/resource_index/parent_prefix_path/elp_pkg
[5.827s] -- Up-to-date: /home/ali/Engineering/ITI/low_speed_self_driving_vehicles/project_camera_calibration/implementations/CameraCalibration1/build/ros2Ws/install/elp_pkg/share/elp_pkg/environment/ament_prefix_path.sh
[5.827s] -- Installing: /home/ali/Engineering/ITI/low_speed_self_driving_vehicles/project_camera_calibration/implementations/CameraCalibration1/build/ros2Ws/install/elp_pkg/share/elp_pkg/environment/ament_prefix_path.dsv
[5.827s] -- Up-to-date: /home/ali/Engineering/ITI/low_speed_self_driving_vehicles/project_camera_calibration/implementations/CameraCalibration1/build/ros2Ws/install/elp_pkg/share/elp_pkg/environment/path.sh
[5.827s] -- Installing: /home/ali/Engineering/ITI/low_speed_self_driving_vehicles/project_camera_calibration/implementations/CameraCalibration1/build/ros2Ws/install/elp_pkg/share/elp_pkg/environment/path.dsv
[5.828s] -- Up-to-date: /home/ali/Engineering/ITI/low_speed_self_driving_vehicles/project_camera_calibration/implementations/CameraCalibration1/build/ros2Ws/install/elp_pkg/share/elp_pkg/local_setup.bash
[5.828s] -- Up-to-date: /home/ali/Engineering/ITI/low_speed_self_driving_vehicles/project_camera_calibration/implementations/CameraCalibration1/build/ros2Ws/install/elp_pkg/share/elp_pkg/local_setup.sh
[5.829s] -- Up-to-date: /home/ali/Engineering/ITI/low_speed_self_driving_vehicles/project_camera_calibration/implementations/CameraCalibration1/build/ros2Ws/install/elp_pkg/share/elp_pkg/local_setup.zsh
[5.829s] -- Installing: /home/ali/Engineering/ITI/low_speed_self_driving_vehicles/project_camera_calibration/implementations/CameraCalibration1/build/ros2Ws/install/elp_pkg/share/elp_pkg/local_setup.dsv
[5.829s] -- Installing: /home/ali/Engineering/ITI/low_speed_self_driving_vehicles/project_camera_calibration/implementations/CameraCalibration1/build/ros2Ws/install/elp_pkg/share/elp_pkg/package.dsv
[5.829s] -- Up-to-date: /home/ali/Engineering/ITI/low_speed_self_driving_vehicles/project_camera_calibration/implementations/CameraCalibration1/build/ros2Ws/install/elp_pkg/share/ament_index/resource_index/packages/elp_pkg
[5.829s] -- Up-to-date: /home/ali/Engineering/ITI/low_speed_self_driving_vehicles/project_camera_calibration/implementations/CameraCalibration1/build/ros2Ws/install/elp_pkg/share/elp_pkg/cmake/elp_pkgConfig.cmake
[5.829s] -- Up-to-date: /home/ali/Engineering/ITI/low_speed_self_driving_vehicles/project_camera_calibration/implementations/CameraCalibration1/build/ros2Ws/install/elp_pkg/share/elp_pkg/cmake/elp_pkgConfig-version.cmake
[5.829s] -- Up-to-date: /home/ali/Engineering/ITI/low_speed_self_driving_vehicles/project_camera_calibration/implementations/CameraCalibration1/build/ros2Ws/install/elp_pkg/share/elp_pkg/package.xml
[5.830s] Invoked command in '/home/ali/Engineering/ITI/low_speed_self_driving_vehicles/project_camera_calibration/implementations/CameraCalibration1/build/ros2Ws/build/elp_pkg' returned '0': CMAKE_PREFIX_PATH=${CMAKE_PREFIX_PATH}:/home/ali/Engineering/ITI/low_speed_self_driving_vehicles/ROS_lectures/GWS/install/tekomoro_tf:/home/ali/Engineering/ITI/low_speed_self_driving_vehicles/ROS_lectures/GWS/install/python_qos_demo:/home/ali/Engineering/ITI/low_speed_self_driving_vehicles/ROS_lectures/GWS/install/pkg_name:/home/ali/Engineering/ITI/low_speed_self_driving_vehicles/ROS_lectures/GWS/install/localization_lab2:/home/ali/Engineering/ITI/low_speed_self_driving_vehicles/ROS_lectures/GWS/install/localization_lab1:/home/ali/Engineering/ITI/low_speed_self_driving_vehicles/ROS_lectures/GWS/install/iti_lab_9:/home/ali/Engineering/ITI/low_speed_self_driving_vehicles/ROS_lectures/GWS/install/iti_lab_8:/home/ali/Engineering/ITI/low_speed_self_driving_vehicles/ROS_lectures/GWS/install/iti_lab7:/home/ali/Engineering/ITI/low_speed_self_driving_vehicles/ROS_lectures/GWS/install/iti_lab4:/home/ali/Engineering/ITI/low_speed_self_driving_vehicles/ROS_lectures/GWS/install/iti_lab3:/home/ali/Engineering/ITI/low_speed_self_driving_vehicles/ROS_lectures/GWS/install/iti_lab2:/home/ali/Engineering/ITI/low_speed_self_driving_vehicles/ROS_lectures/GWS/install/iti_lab1:/home/ali/Engineering/ITI/low_speed_self_driving_vehicles/ROS_lectures/GWS/install/control_lab1:/home/ali/Engineering/ITI/low_speed_self_driving_vehicles/ROS_lectures/nav2_depend_ws/install/nav2_gazebo_spawner:/home/ali/Engineering/ITI/low_speed_self_driving_vehicles/ROS_lectures/projectWs/install/ros2_project:/opt/ros/foxy /usr/bin/cmake --install /home/ali/Engineering/ITI/low_speed_self_driving_vehicles/project_camera_calibration/implementations/CameraCalibration1/build/ros2Ws/build/elp_pkg
