[0.024s] Invoking command in '/home/ali/Engineering/ITI/low_speed_self_driving_vehicles/project_camera_calibration/implementations/CameraCalibration1/build/ros2Ws/build/elp_pkg': CMAKE_PREFIX_PATH=${CMAKE_PREFIX_PATH}:/home/ali/Engineering/ITI/low_speed_self_driving_vehicles/project_camera_calibration/implementations/CameraCalibration1/build/ros2Ws/install/elp_read:/home/ali/Engineering/ITI/low_speed_self_driving_vehicles/ROS_lectures/GWS/install/tekomoro_tf:/home/ali/Engineering/ITI/low_speed_self_driving_vehicles/ROS_lectures/GWS/install/python_qos_demo:/home/ali/Engineering/ITI/low_speed_self_driving_vehicles/ROS_lectures/GWS/install/pkg_name:/home/ali/Engineering/ITI/low_speed_self_driving_vehicles/ROS_lectures/GWS/install/localization_lab2:/home/ali/Engineering/ITI/low_speed_self_driving_vehicles/ROS_lectures/GWS/install/localization_lab1:/home/ali/Engineering/ITI/low_speed_self_driving_vehicles/ROS_lectures/GWS/install/iti_lab_9:/home/ali/Engineering/ITI/low_speed_self_driving_vehicles/ROS_lectures/GWS/install/iti_lab_8:/home/ali/Engineering/ITI/low_speed_self_driving_vehicles/ROS_lectures/GWS/install/iti_lab7:/home/ali/Engineering/ITI/low_speed_self_driving_vehicles/ROS_lectures/GWS/install/iti_lab4:/home/ali/Engineering/ITI/low_speed_self_driving_vehicles/ROS_lectures/GWS/install/iti_lab3:/home/ali/Engineering/ITI/low_speed_self_driving_vehicles/ROS_lectures/GWS/install/iti_lab2:/home/ali/Engineering/ITI/low_speed_self_driving_vehicles/ROS_lectures/GWS/install/iti_lab1:/home/ali/Engineering/ITI/low_speed_self_driving_vehicles/ROS_lectures/GWS/install/control_lab1:/home/ali/Engineering/ITI/low_speed_self_driving_vehicles/ROS_lectures/nav2_depend_ws/install/nav2_gazebo_spawner:/home/ali/Engineering/ITI/low_speed_self_driving_vehicles/ROS_lectures/projectWs/install/ros2_project:/opt/ros/foxy /usr/bin/cmake --build /home/ali/Engineering/ITI/low_speed_self_driving_vehicles/project_camera_calibration/implementations/CameraCalibration1/build/ros2Ws/build/elp_pkg -- -j4 -l4
[0.102s] [35m[1mScanning dependencies of target elp_calibrate[0m
[0.147s] [ 50%] [32mBuilding CXX object CMakeFiles/elp_calibrate.dir/src/elp_calibrate.cpp.o[0m
[2.975s] [01m[K/home/ali/Engineering/ITI/low_speed_self_driving_vehicles/project_camera_calibration/implementations/CameraCalibration1/build/ros2Ws/src/elp_pkg/src/elp_calibrate.cpp:[m[K In member function ‘[01m[Kcv::Mat Node1::Compute_depth(cv::Mat)[m[K’:
[2.975s] [01m[K/home/ali/Engineering/ITI/low_speed_self_driving_vehicles/project_camera_calibration/implementations/CameraCalibration1/build/ros2Ws/src/elp_pkg/src/elp_calibrate.cpp:108:21:[m[K [01;31m[Kerror: [m[Kcannot convert ‘[01m[Kcv::Mat[m[K’ to ‘[01m[Kconst CvArr*[m[K’ {aka ‘[01m[Kconst void*[m[K’}
[2.975s]   108 |     pixel = cvGet2D([01;31m[Kout[m[K, i, j);
[2.975s]       |                     [01;31m[K^~~[m[K
[2.975s]       |                     [01;31m[K|[m[K
[2.975s]       |                     [01;31m[Kcv::Mat[m[K
[2.975s] In file included from [01m[K/usr/local/include/opencv4/opencv2/imgproc/types_c.h:46[m[K,
[2.975s]                  from [01m[K/opt/ros/foxy/include/cv_bridge/cv_bridge.h:45[m[K,
[2.975s]                  from [01m[K/home/ali/Engineering/ITI/low_speed_self_driving_vehicles/project_camera_calibration/implementations/CameraCalibration1/build/ros2Ws/src/elp_pkg/src/elp_calibrate.cpp:24[m[K:
[2.976s] [01m[K/usr/local/include/opencv4/opencv2/core/core_c.h:678:39:[m[K [01;36m[Knote: [m[K  initializing argument 1 of ‘[01m[KCvScalar cvGet2D(const CvArr*, int, int)[m[K’
[2.976s]   678 | CVAPI(CvScalar) cvGet2D( [01;36m[Kconst CvArr* arr[m[K, int idx0, int idx1 );
[2.976s]       |                          [01;36m[K~~~~~~~~~~~~~^~~[m[K
[2.976s] [01m[K/home/ali/Engineering/ITI/low_speed_self_driving_vehicles/project_camera_calibration/implementations/CameraCalibration1/build/ros2Ws/src/elp_pkg/src/elp_calibrate.cpp:109:34:[m[K [01;31m[Kerror: [m[Kinvalid operands of types ‘[01m[Kdouble[m[K’ and ‘[01m[Kdouble [4][m[K’ to binary ‘[01m[Koperator/[m[K’
[2.976s]   109 |     pixel.val = [32m[Kbaseline * focal[m[K [01;31m[K/[m[K [34m[Kpixel.val[m[K;
[2.976s]       |                 [32m[K~~~~~~~~~~~~~~~~[m[K [01;31m[K^[m[K [34m[K~~~~~~~~~[m[K
[2.976s]       |                          [32m[K|[m[K               [34m[K|[m[K
[2.976s]       |                          [32m[Kdouble[m[K          [34m[Kdouble [4][m[K
[2.976s] [01m[K/home/ali/Engineering/ITI/low_speed_self_driving_vehicles/project_camera_calibration/implementations/CameraCalibration1/build/ros2Ws/src/elp_pkg/src/elp_calibrate.cpp:110:13:[m[K [01;31m[Kerror: [m[Kcannot convert ‘[01m[Kcv::Mat[m[K’ to ‘[01m[KCvArr*[m[K’ {aka ‘[01m[Kvoid*[m[K’}
[2.976s]   110 |     cvSet2D([01;31m[Kout[m[K, i, j, pixel);
[2.976s]       |             [01;31m[K^~~[m[K
[2.976s]       |             [01;31m[K|[m[K
[2.976s]       |             [01;31m[Kcv::Mat[m[K
[2.977s] In file included from [01m[K/usr/local/include/opencv4/opencv2/imgproc/types_c.h:46[m[K,
[2.977s]                  from [01m[K/opt/ros/foxy/include/cv_bridge/cv_bridge.h:45[m[K,
[2.977s]                  from [01m[K/home/ali/Engineering/ITI/low_speed_self_driving_vehicles/project_camera_calibration/implementations/CameraCalibration1/build/ros2Ws/src/elp_pkg/src/elp_calibrate.cpp:24[m[K:
[2.977s] [01m[K/usr/local/include/opencv4/opencv2/core/core_c.h:719:29:[m[K [01;36m[Knote: [m[K  initializing argument 1 of ‘[01m[Kvoid cvSet2D(CvArr*, int, int, CvScalar)[m[K’
[2.977s]   719 | CVAPI(void) cvSet2D( [01;36m[KCvArr* arr[m[K, int idx0, int idx1, CvScalar value );
[2.977s]       |                      [01;36m[K~~~~~~~^~~[m[K
[3.902s] make[2]: *** [CMakeFiles/elp_calibrate.dir/build.make:63: CMakeFiles/elp_calibrate.dir/src/elp_calibrate.cpp.o] Error 1
[3.903s] make[1]: *** [CMakeFiles/Makefile2:78: CMakeFiles/elp_calibrate.dir/all] Error 2
[3.903s] make: *** [Makefile:141: all] Error 2
[3.906s] Invoked command in '/home/ali/Engineering/ITI/low_speed_self_driving_vehicles/project_camera_calibration/implementations/CameraCalibration1/build/ros2Ws/build/elp_pkg' returned '2': CMAKE_PREFIX_PATH=${CMAKE_PREFIX_PATH}:/home/ali/Engineering/ITI/low_speed_self_driving_vehicles/project_camera_calibration/implementations/CameraCalibration1/build/ros2Ws/install/elp_read:/home/ali/Engineering/ITI/low_speed_self_driving_vehicles/ROS_lectures/GWS/install/tekomoro_tf:/home/ali/Engineering/ITI/low_speed_self_driving_vehicles/ROS_lectures/GWS/install/python_qos_demo:/home/ali/Engineering/ITI/low_speed_self_driving_vehicles/ROS_lectures/GWS/install/pkg_name:/home/ali/Engineering/ITI/low_speed_self_driving_vehicles/ROS_lectures/GWS/install/localization_lab2:/home/ali/Engineering/ITI/low_speed_self_driving_vehicles/ROS_lectures/GWS/install/localization_lab1:/home/ali/Engineering/ITI/low_speed_self_driving_vehicles/ROS_lectures/GWS/install/iti_lab_9:/home/ali/Engineering/ITI/low_speed_self_driving_vehicles/ROS_lectures/GWS/install/iti_lab_8:/home/ali/Engineering/ITI/low_speed_self_driving_vehicles/ROS_lectures/GWS/install/iti_lab7:/home/ali/Engineering/ITI/low_speed_self_driving_vehicles/ROS_lectures/GWS/install/iti_lab4:/home/ali/Engineering/ITI/low_speed_self_driving_vehicles/ROS_lectures/GWS/install/iti_lab3:/home/ali/Engineering/ITI/low_speed_self_driving_vehicles/ROS_lectures/GWS/install/iti_lab2:/home/ali/Engineering/ITI/low_speed_self_driving_vehicles/ROS_lectures/GWS/install/iti_lab1:/home/ali/Engineering/ITI/low_speed_self_driving_vehicles/ROS_lectures/GWS/install/control_lab1:/home/ali/Engineering/ITI/low_speed_self_driving_vehicles/ROS_lectures/nav2_depend_ws/install/nav2_gazebo_spawner:/home/ali/Engineering/ITI/low_speed_self_driving_vehicles/ROS_lectures/projectWs/install/ros2_project:/opt/ros/foxy /usr/bin/cmake --build /home/ali/Engineering/ITI/low_speed_self_driving_vehicles/project_camera_calibration/implementations/CameraCalibration1/build/ros2Ws/build/elp_pkg -- -j4 -l4
