[0.426s] DEBUG:colcon:Command line arguments: ['/usr/bin/colcon', 'build', '--packages-select', 'iti_lab1']
[0.426s] DEBUG:colcon:Parsed command line arguments: Namespace(ament_cmake_args=None, base_paths=['.'], build_base='build', catkin_cmake_args=None, catkin_skip_building_tests=False, cmake_args=None, cmake_clean_cache=False, cmake_clean_first=False, cmake_force_configure=False, cmake_target=None, cmake_target_skip_unavailable=False, continue_on_error=False, event_handlers=None, executor='parallel', ignore_user_meta=False, install_base='install', log_base=None, log_level=None, main=<bound method BuildVerb.main of <colcon_core.verb.build.BuildVerb object at 0x7f73992b1d90>>, merge_install=False, metas=['./colcon.meta'], packages_above=None, packages_above_and_dependencies=None, packages_above_depth=None, packages_end=None, packages_ignore=None, packages_ignore_regex=None, packages_select=['iti_lab1'], packages_select_build_failed=False, packages_select_by_dep=None, packages_select_regex=None, packages_select_test_failures=False, packages_skip=None, packages_skip_build_finished=False, packages_skip_by_dep=None, packages_skip_regex=None, packages_skip_test_passed=False, packages_skip_up_to=None, packages_start=None, packages_up_to=None, packages_up_to_regex=None, parallel_workers=4, paths=None, symlink_install=False, test_result_base=None, verb_extension=<colcon_core.verb.build.BuildVerb object at 0x7f73992b1d90>, verb_name='build', verb_parser=<colcon_defaults.argument_parser.defaults.DefaultArgumentsDecorator object at 0x7f73992bf340>)
[0.432s] Level 1:colcon.colcon_core.package_discovery:discover_packages(colcon_meta) check parameters
[0.432s] Level 1:colcon.colcon_core.package_discovery:discover_packages(recursive) check parameters
[0.433s] Level 1:colcon.colcon_core.package_discovery:discover_packages(ignore) check parameters
[0.433s] Level 1:colcon.colcon_core.package_discovery:discover_packages(path) check parameters
[0.433s] Level 1:colcon.colcon_core.package_discovery:discover_packages(colcon_meta) discover
[0.433s] Level 1:colcon.colcon_core.package_discovery:discover_packages(recursive) discover
[0.433s] INFO:colcon.colcon_core.package_discovery:Crawling recursively for packages in '/home/ali/Engineering/ITI/low_speed_self_driving_vehicles/project_camera_calibration/implementations/CameraCalibration1/build/ros2Ws'
[0.433s] Level 1:colcon.colcon_core.package_identification:_identify(.) by extensions ['ignore', 'ignore_ament_install']
[0.433s] Level 1:colcon.colcon_core.package_identification:_identify(.) by extension 'ignore'
[0.433s] Level 1:colcon.colcon_core.package_identification:_identify(.) by extension 'ignore_ament_install'
[0.433s] Level 1:colcon.colcon_core.package_identification:_identify(.) by extensions ['colcon_pkg']
[0.433s] Level 1:colcon.colcon_core.package_identification:_identify(.) by extension 'colcon_pkg'
[0.433s] Level 1:colcon.colcon_core.package_identification:_identify(.) by extensions ['colcon_meta']
[0.433s] Level 1:colcon.colcon_core.package_identification:_identify(.) by extension 'colcon_meta'
[0.433s] Level 1:colcon.colcon_core.package_identification:_identify(.) by extensions ['ros']
[0.433s] Level 1:colcon.colcon_core.package_identification:_identify(.) by extension 'ros'
[0.446s] Level 1:colcon.colcon_core.package_identification:_identify(.) by extensions ['cmake', 'python']
[0.446s] Level 1:colcon.colcon_core.package_identification:_identify(.) by extension 'cmake'
[0.446s] Level 1:colcon.colcon_core.package_identification:_identify(.) by extension 'python'
[0.446s] Level 1:colcon.colcon_core.package_identification:_identify(.) by extensions ['python_setup_py']
[0.446s] Level 1:colcon.colcon_core.package_identification:_identify(.) by extension 'python_setup_py'
[0.446s] Level 1:colcon.colcon_core.package_identification:_identify(build) by extensions ['ignore', 'ignore_ament_install']
[0.447s] Level 1:colcon.colcon_core.package_identification:_identify(build) by extension 'ignore'
[0.447s] Level 1:colcon.colcon_core.package_identification:_identify(build) ignored
[0.447s] Level 1:colcon.colcon_core.package_identification:_identify(install) by extensions ['ignore', 'ignore_ament_install']
[0.447s] Level 1:colcon.colcon_core.package_identification:_identify(install) by extension 'ignore'
[0.447s] Level 1:colcon.colcon_core.package_identification:_identify(install) ignored
[0.447s] Level 1:colcon.colcon_core.package_identification:_identify(log) by extensions ['ignore', 'ignore_ament_install']
[0.447s] Level 1:colcon.colcon_core.package_identification:_identify(log) by extension 'ignore'
[0.448s] Level 1:colcon.colcon_core.package_identification:_identify(log) ignored
[0.448s] Level 1:colcon.colcon_core.package_identification:_identify(src) by extensions ['ignore', 'ignore_ament_install']
[0.448s] Level 1:colcon.colcon_core.package_identification:_identify(src) by extension 'ignore'
[0.448s] Level 1:colcon.colcon_core.package_identification:_identify(src) by extension 'ignore_ament_install'
[0.448s] Level 1:colcon.colcon_core.package_identification:_identify(src) by extensions ['colcon_pkg']
[0.448s] Level 1:colcon.colcon_core.package_identification:_identify(src) by extension 'colcon_pkg'
[0.448s] Level 1:colcon.colcon_core.package_identification:_identify(src) by extensions ['colcon_meta']
[0.448s] Level 1:colcon.colcon_core.package_identification:_identify(src) by extension 'colcon_meta'
[0.448s] Level 1:colcon.colcon_core.package_identification:_identify(src) by extensions ['ros']
[0.448s] Level 1:colcon.colcon_core.package_identification:_identify(src) by extension 'ros'
[0.448s] Level 1:colcon.colcon_core.package_identification:_identify(src) by extensions ['cmake', 'python']
[0.448s] Level 1:colcon.colcon_core.package_identification:_identify(src) by extension 'cmake'
[0.448s] Level 1:colcon.colcon_core.package_identification:_identify(src) by extension 'python'
[0.448s] Level 1:colcon.colcon_core.package_identification:_identify(src) by extensions ['python_setup_py']
[0.448s] Level 1:colcon.colcon_core.package_identification:_identify(src) by extension 'python_setup_py'
[0.449s] Level 1:colcon.colcon_core.package_identification:_identify(src/elp_pkg) by extensions ['ignore', 'ignore_ament_install']
[0.449s] Level 1:colcon.colcon_core.package_identification:_identify(src/elp_pkg) by extension 'ignore'
[0.449s] Level 1:colcon.colcon_core.package_identification:_identify(src/elp_pkg) by extension 'ignore_ament_install'
[0.449s] Level 1:colcon.colcon_core.package_identification:_identify(src/elp_pkg) by extensions ['colcon_pkg']
[0.449s] Level 1:colcon.colcon_core.package_identification:_identify(src/elp_pkg) by extension 'colcon_pkg'
[0.449s] Level 1:colcon.colcon_core.package_identification:_identify(src/elp_pkg) by extensions ['colcon_meta']
[0.449s] Level 1:colcon.colcon_core.package_identification:_identify(src/elp_pkg) by extension 'colcon_meta'
[0.449s] Level 1:colcon.colcon_core.package_identification:_identify(src/elp_pkg) by extensions ['ros']
[0.449s] Level 1:colcon.colcon_core.package_identification:_identify(src/elp_pkg) by extension 'ros'
[0.452s] DEBUG:colcon.colcon_core.package_identification:Package 'src/elp_pkg' with type 'ros.ament_cmake' and name 'elp_pkg'
[0.452s] Level 1:colcon.colcon_core.package_discovery:discover_packages(recursive) using defaults
[0.452s] Level 1:colcon.colcon_core.package_discovery:discover_packages(ignore) discover
[0.452s] Level 1:colcon.colcon_core.package_discovery:discover_packages(ignore) using defaults
[0.452s] Level 1:colcon.colcon_core.package_discovery:discover_packages(path) discover
[0.452s] Level 1:colcon.colcon_core.package_discovery:discover_packages(path) using defaults
[0.453s] WARNING:colcon.colcon_core.package_selection:ignoring unknown package 'iti_lab1' in --packages-select
[0.473s] INFO:colcon.colcon_core.package_selection:Skipping not selected package 'elp_pkg' in 'src/elp_pkg'
[0.474s] INFO:colcon.colcon_core.executor:Executing jobs using 'parallel' executor
[0.478s] DEBUG:colcon.colcon_parallel_executor.executor.parallel:run_until_complete
[0.478s] DEBUG:colcon.colcon_parallel_executor.executor.parallel:closing loop
[0.478s] DEBUG:colcon.colcon_parallel_executor.executor.parallel:loop closed
[0.478s] DEBUG:colcon.colcon_parallel_executor.executor.parallel:run_until_complete finished with '0'
[0.479s] DEBUG:colcon.colcon_core.event_reactor:joining thread
[0.486s] INFO:colcon.colcon_core.plugin_system:Skipping extension 'colcon_notification.desktop_notification.terminal_notifier': Not used on non-Darwin systems
[0.486s] INFO:colcon.colcon_core.plugin_system:Skipping extension 'colcon_notification.desktop_notification.win32': Not used on non-Windows systems
[0.486s] INFO:colcon.colcon_notification.desktop_notification:Sending desktop notification using 'notify2'
[0.508s] DEBUG:colcon.colcon_core.event_reactor:joined thread
[0.513s] INFO:colcon.colcon_core.plugin_system:Skipping extension 'colcon_core.shell.bat': Not used on non-Windows systems
[0.513s] INFO:colcon.colcon_core.shell:Creating prefix script '/home/ali/Engineering/ITI/low_speed_self_driving_vehicles/project_camera_calibration/implementations/CameraCalibration1/build/ros2Ws/install/local_setup.ps1'
[0.514s] INFO:colcon.colcon_core.shell:Creating prefix util module '/home/ali/Engineering/ITI/low_speed_self_driving_vehicles/project_camera_calibration/implementations/CameraCalibration1/build/ros2Ws/install/_local_setup_util_ps1.py'
[0.516s] INFO:colcon.colcon_core.shell:Creating prefix chain script '/home/ali/Engineering/ITI/low_speed_self_driving_vehicles/project_camera_calibration/implementations/CameraCalibration1/build/ros2Ws/install/setup.ps1'
[0.524s] INFO:colcon.colcon_core.shell:Creating prefix script '/home/ali/Engineering/ITI/low_speed_self_driving_vehicles/project_camera_calibration/implementations/CameraCalibration1/build/ros2Ws/install/local_setup.sh'
[0.524s] INFO:colcon.colcon_core.shell:Creating prefix util module '/home/ali/Engineering/ITI/low_speed_self_driving_vehicles/project_camera_calibration/implementations/CameraCalibration1/build/ros2Ws/install/_local_setup_util_sh.py'
[0.525s] INFO:colcon.colcon_core.shell:Creating prefix chain script '/home/ali/Engineering/ITI/low_speed_self_driving_vehicles/project_camera_calibration/implementations/CameraCalibration1/build/ros2Ws/install/setup.sh'
[0.530s] INFO:colcon.colcon_core.shell:Creating prefix script '/home/ali/Engineering/ITI/low_speed_self_driving_vehicles/project_camera_calibration/implementations/CameraCalibration1/build/ros2Ws/install/local_setup.bash'
[0.530s] INFO:colcon.colcon_core.shell:Creating prefix chain script '/home/ali/Engineering/ITI/low_speed_self_driving_vehicles/project_camera_calibration/implementations/CameraCalibration1/build/ros2Ws/install/setup.bash'
[0.535s] INFO:colcon.colcon_core.shell:Creating prefix script '/home/ali/Engineering/ITI/low_speed_self_driving_vehicles/project_camera_calibration/implementations/CameraCalibration1/build/ros2Ws/install/local_setup.zsh'
[0.536s] INFO:colcon.colcon_core.shell:Creating prefix chain script '/home/ali/Engineering/ITI/low_speed_self_driving_vehicles/project_camera_calibration/implementations/CameraCalibration1/build/ros2Ws/install/setup.zsh'
