[35m[1mScanning dependencies of target elp_calibrate[0m
[ 50%] [32mBuilding CXX object CMakeFiles/elp_calibrate.dir/src/elp_calibrate.cpp.o[0m
[01m[K/home/ali/Engineering/ITI/low_speed_self_driving_vehicles/project_camera_calibration/implementations/CameraCalibration1/build/ros2Ws/src/elp_pkg/src/elp_calibrate.cpp:[m[K In member function ‘[01m[Kcv::Mat Node1::Compute_depth(cv::Mat)[m[K’:
[01m[K/home/ali/Engineering/ITI/low_speed_self_driving_vehicles/project_camera_calibration/implementations/CameraCalibration1/build/ros2Ws/src/elp_pkg/src/elp_calibrate.cpp:101:42:[m[K [01;31m[Kerror: [m[Kno matching function for call to ‘[01m[K_IplImage::_IplImage(cv::Mat&)[m[K’
  101 |   IplImage* out =cvCloneImage(&(IplImage)[01;31m[Kdisparity[m[K);
      |                                          [01;31m[K^~~~~~~~~[m[K
In file included from [01m[K/usr/local/include/opencv4/opencv2/core/core_c.h:48[m[K,
                 from [01m[K/usr/local/include/opencv4/opencv2/imgproc/types_c.h:46[m[K,
                 from [01m[K/opt/ros/foxy/include/cv_bridge/cv_bridge.h:45[m[K,
                 from [01m[K/home/ali/Engineering/ITI/low_speed_self_driving_vehicles/project_camera_calibration/implementations/CameraCalibration1/build/ros2Ws/src/elp_pkg/src/elp_calibrate.cpp:24[m[K:
[01m[K/usr/local/include/opencv4/opencv2/core/types_c.h:327:1:[m[K [01;36m[Knote: [m[Kcandidate: ‘[01m[K_IplImage::_IplImage()[m[K’
  327 | [01;36m[K_IplImage[m[K
      | [01;36m[K^~~~~~~~~[m[K
[01m[K/usr/local/include/opencv4/opencv2/core/types_c.h:327:1:[m[K [01;36m[Knote: [m[K  candidate expects 0 arguments, 1 provided
[01m[K/usr/local/include/opencv4/opencv2/core/types_c.h:327:1:[m[K [01;36m[Knote: [m[Kcandidate: ‘[01m[Kconstexpr _IplImage::_IplImage(const _IplImage&)[m[K’
[01m[K/usr/local/include/opencv4/opencv2/core/types_c.h:327:1:[m[K [01;36m[Knote: [m[K  no known conversion for argument 1 from ‘[01m[Kcv::Mat[m[K’ to ‘[01m[Kconst _IplImage&[m[K’
[01m[K/usr/local/include/opencv4/opencv2/core/types_c.h:327:1:[m[K [01;36m[Knote: [m[Kcandidate: ‘[01m[Kconstexpr _IplImage::_IplImage(_IplImage&&)[m[K’
[01m[K/usr/local/include/opencv4/opencv2/core/types_c.h:327:1:[m[K [01;36m[Knote: [m[K  no known conversion for argument 1 from ‘[01m[Kcv::Mat[m[K’ to ‘[01m[K_IplImage&&[m[K’
make[2]: *** [CMakeFiles/elp_calibrate.dir/build.make:63: CMakeFiles/elp_calibrate.dir/src/elp_calibrate.cpp.o] Error 1
make[1]: *** [CMakeFiles/Makefile2:78: CMakeFiles/elp_calibrate.dir/all] Error 2
make: *** [Makefile:141: all] Error 2
